mode: atomic
github.com/kubernetes/kompose/pkg/loader/bundle/bundle.go:68.61,79.48 3 2
github.com/kubernetes/kompose/pkg/loader/bundle/bundle.go:106.2,106.18 1 2
github.com/kubernetes/kompose/pkg/loader/bundle/bundle.go:79.48,84.32 3 2
github.com/kubernetes/kompose/pkg/loader/bundle/bundle.go:84.32,86.69 1 18
github.com/kubernetes/kompose/pkg/loader/bundle/bundle.go:86.69,87.38 1 2
github.com/kubernetes/kompose/pkg/loader/bundle/bundle.go:87.38,89.27 2 2
github.com/kubernetes/kompose/pkg/loader/bundle/bundle.go:94.6,94.75 1 2
github.com/kubernetes/kompose/pkg/loader/bundle/bundle.go:100.6,101.37 2 1
github.com/kubernetes/kompose/pkg/loader/bundle/bundle.go:89.27,91.7 1 2
github.com/kubernetes/kompose/pkg/loader/bundle/bundle.go:94.75,95.27 1 2
github.com/kubernetes/kompose/pkg/loader/bundle/bundle.go:95.27,97.16 1 1
github.com/kubernetes/kompose/pkg/loader/bundle/bundle.go:110.49,112.48 2 0
github.com/kubernetes/kompose/pkg/loader/bundle/bundle.go:115.2,115.47 1 0
github.com/kubernetes/kompose/pkg/loader/bundle/bundle.go:112.48,114.3 1 0
github.com/kubernetes/kompose/pkg/loader/bundle/bundle.go:119.61,121.34 2 0
github.com/kubernetes/kompose/pkg/loader/bundle/bundle.go:152.2,152.18 1 0
github.com/kubernetes/kompose/pkg/loader/bundle/bundle.go:121.34,123.39 2 0
github.com/kubernetes/kompose/pkg/loader/bundle/bundle.go:123.39,132.4 5 0
github.com/kubernetes/kompose/pkg/loader/bundle/bundle.go:132.9,134.40 2 0
github.com/kubernetes/kompose/pkg/loader/bundle/bundle.go:134.40,140.43 6 0
github.com/kubernetes/kompose/pkg/loader/bundle/bundle.go:143.5,146.7 1 0
github.com/kubernetes/kompose/pkg/loader/bundle/bundle.go:140.43,142.6 1 0
github.com/kubernetes/kompose/pkg/loader/bundle/bundle.go:147.10,149.5 1 0
github.com/kubernetes/kompose/pkg/loader/bundle/bundle.go:156.58,158.37 2 0
github.com/kubernetes/kompose/pkg/loader/bundle/bundle.go:174.2,174.19 1 0
github.com/kubernetes/kompose/pkg/loader/bundle/bundle.go:158.37,160.24 2 0
github.com/kubernetes/kompose/pkg/loader/bundle/bundle.go:168.3,172.5 1 0
github.com/kubernetes/kompose/pkg/loader/bundle/bundle.go:161.11,162.23 1 0
github.com/kubernetes/kompose/pkg/loader/bundle/bundle.go:163.14,164.23 1 0
github.com/kubernetes/kompose/pkg/loader/bundle/bundle.go:165.14,166.23 1 0
github.com/kubernetes/kompose/pkg/loader/bundle/bundle.go:178.74,185.16 4 0
github.com/kubernetes/kompose/pkg/loader/bundle/bundle.go:188.2,190.16 3 0
github.com/kubernetes/kompose/pkg/loader/bundle/bundle.go:194.2,195.36 2 0
github.com/kubernetes/kompose/pkg/loader/bundle/bundle.go:199.2,199.45 1 0
github.com/kubernetes/kompose/pkg/loader/bundle/bundle.go:231.2,231.27 1 0
github.com/kubernetes/kompose/pkg/loader/bundle/bundle.go:185.16,187.3 1 0
github.com/kubernetes/kompose/pkg/loader/bundle/bundle.go:190.16,192.3 1 0
github.com/kubernetes/kompose/pkg/loader/bundle/bundle.go:195.36,197.3 1 0
github.com/kubernetes/kompose/pkg/loader/bundle/bundle.go:199.45,207.17 6 0
github.com/kubernetes/kompose/pkg/loader/bundle/bundle.go:210.3,213.17 3 0
github.com/kubernetes/kompose/pkg/loader/bundle/bundle.go:216.3,219.17 3 0
github.com/kubernetes/kompose/pkg/loader/bundle/bundle.go:222.3,224.32 2 0
github.com/kubernetes/kompose/pkg/loader/bundle/bundle.go:228.3,228.53 1 0
github.com/kubernetes/kompose/pkg/loader/bundle/bundle.go:207.17,209.4 1 0
github.com/kubernetes/kompose/pkg/loader/bundle/bundle.go:213.17,215.4 1 0
github.com/kubernetes/kompose/pkg/loader/bundle/bundle.go:219.17,221.4 1 0
github.com/kubernetes/kompose/pkg/loader/bundle/bundle.go:224.32,226.4 1 0
github.com/kubernetes/kompose/pkg/loader/bundle/bundle.go:235.54,239.51 3 0
github.com/kubernetes/kompose/pkg/loader/bundle/bundle.go:256.2,256.24 1 0
github.com/kubernetes/kompose/pkg/loader/bundle/bundle.go:239.51,240.32 1 0
github.com/kubernetes/kompose/pkg/loader/bundle/bundle.go:253.3,253.18 1 0
github.com/kubernetes/kompose/pkg/loader/bundle/bundle.go:241.26,245.21 1 0
github.com/kubernetes/kompose/pkg/loader/bundle/bundle.go:246.33,251.19 1 0
github.com/kubernetes/kompose/pkg/loader/compose/compose.go:44.68,82.102 3 2
github.com/kubernetes/kompose/pkg/loader/compose/compose.go:87.2,87.43 1 2
github.com/kubernetes/kompose/pkg/loader/compose/compose.go:91.2,91.68 1 2
github.com/kubernetes/kompose/pkg/loader/compose/compose.go:142.2,142.18 1 2
github.com/kubernetes/kompose/pkg/loader/compose/compose.go:82.102,84.3 1 0
github.com/kubernetes/kompose/pkg/loader/compose/compose.go:87.43,89.3 1 1
github.com/kubernetes/kompose/pkg/loader/compose/compose.go:91.68,96.32 3 3
github.com/kubernetes/kompose/pkg/loader/compose/compose.go:96.32,98.69 1 174
github.com/kubernetes/kompose/pkg/loader/compose/compose.go:98.69,99.38 1 69
github.com/kubernetes/kompose/pkg/loader/compose/compose.go:99.38,102.75 1 0
github.com/kubernetes/kompose/pkg/loader/compose/compose.go:109.6,110.32 2 0
github.com/kubernetes/kompose/pkg/loader/compose/compose.go:118.6,118.108 1 0
github.com/kubernetes/kompose/pkg/loader/compose/compose.go:136.6,137.37 2 0
github.com/kubernetes/kompose/pkg/loader/compose/compose.go:102.75,103.27 1 0
github.com/kubernetes/kompose/pkg/loader/compose/compose.go:103.27,105.16 1 0
github.com/kubernetes/kompose/pkg/loader/compose/compose.go:110.32,112.108 1 0
github.com/kubernetes/kompose/pkg/loader/compose/compose.go:112.108,114.16 1 0
github.com/kubernetes/kompose/pkg/loader/compose/compose.go:118.108,121.45 2 0
github.com/kubernetes/kompose/pkg/loader/compose/compose.go:131.7,131.36 1 0
github.com/kubernetes/kompose/pkg/loader/compose/compose.go:121.45,122.76 1 0
github.com/kubernetes/kompose/pkg/loader/compose/compose.go:122.76,125.82 3 0
github.com/kubernetes/kompose/pkg/loader/compose/compose.go:125.82,127.15 2 0
github.com/kubernetes/kompose/pkg/loader/compose/compose.go:131.36,132.16 1 0
github.com/kubernetes/kompose/pkg/loader/compose/compose.go:146.75,150.29 2 0
github.com/kubernetes/kompose/pkg/loader/compose/compose.go:163.2,166.17 2 0
github.com/kubernetes/kompose/pkg/loader/compose/compose.go:150.29,152.17 2 0
github.com/kubernetes/kompose/pkg/loader/compose/compose.go:157.3,157.67 1 0
github.com/kubernetes/kompose/pkg/loader/compose/compose.go:160.3,160.27 1 0
github.com/kubernetes/kompose/pkg/loader/compose/compose.go:152.17,154.4 1 0
github.com/kubernetes/kompose/pkg/loader/compose/compose.go:157.67,159.4 1 0
github.com/kubernetes/kompose/pkg/loader/compose/compose.go:169.48,171.17 2 0
github.com/kubernetes/kompose/pkg/loader/compose/compose.go:174.3,174.28 1 0
github.com/kubernetes/kompose/pkg/loader/compose/compose.go:176.74,178.17 2 0
github.com/kubernetes/kompose/pkg/loader/compose/compose.go:181.3,181.28 1 0
github.com/kubernetes/kompose/pkg/loader/compose/compose.go:182.10,183.133 1 0
github.com/kubernetes/kompose/pkg/loader/compose/compose.go:171.17,173.4 1 0
github.com/kubernetes/kompose/pkg/loader/compose/compose.go:178.17,180.4 1 0
github.com/kubernetes/kompose/pkg/loader/compose/compose.go:187.54,194.16 4 0
github.com/kubernetes/kompose/pkg/loader/compose/compose.go:198.2,199.16 2 0
github.com/kubernetes/kompose/pkg/loader/compose/compose.go:203.2,203.29 1 0
github.com/kubernetes/kompose/pkg/loader/compose/compose.go:194.16,196.3 1 0
github.com/kubernetes/kompose/pkg/loader/compose/compose.go:199.16,201.3 1 0
github.com/kubernetes/kompose/pkg/loader/compose/utils.go:65.52,67.27 2 8
github.com/kubernetes/kompose/pkg/loader/compose/utils.go:104.2,104.13 1 8
github.com/kubernetes/kompose/pkg/loader/compose/utils.go:67.27,71.10 4 8
github.com/kubernetes/kompose/pkg/loader/compose/utils.go:86.3,86.22 1 8
github.com/kubernetes/kompose/pkg/loader/compose/utils.go:72.41,73.18 1 2
github.com/kubernetes/kompose/pkg/loader/compose/utils.go:74.41,75.19 1 2
github.com/kubernetes/kompose/pkg/loader/compose/utils.go:76.41,77.19 1 2
github.com/kubernetes/kompose/pkg/loader/compose/utils.go:78.41,79.27 1 2
github.com/kubernetes/kompose/pkg/loader/compose/utils.go:79.27,81.5 1 1
github.com/kubernetes/kompose/pkg/loader/compose/utils.go:81.10,83.5 1 1
github.com/kubernetes/kompose/pkg/loader/compose/utils.go:86.22,91.4 1 2
github.com/kubernetes/kompose/pkg/loader/compose/utils.go:91.9,94.23 2 6
github.com/kubernetes/kompose/pkg/loader/compose/utils.go:97.4,100.6 1 6
github.com/kubernetes/kompose/pkg/loader/compose/utils.go:94.23,96.5 1 2
github.com/kubernetes/kompose/pkg/loader/compose/utils.go:109.61,111.40 2 0
github.com/kubernetes/kompose/pkg/loader/compose/utils.go:118.2,118.37 1 0
github.com/kubernetes/kompose/pkg/loader/compose/utils.go:111.40,113.17 2 0
github.com/kubernetes/kompose/pkg/loader/compose/utils.go:116.3,116.48 1 0
github.com/kubernetes/kompose/pkg/loader/compose/utils.go:113.17,115.4 1 0
github.com/kubernetes/kompose/pkg/loader/compose/utils.go:121.60,122.38 1 7
github.com/kubernetes/kompose/pkg/loader/compose/utils.go:123.23,124.47 1 3
github.com/kubernetes/kompose/pkg/loader/compose/utils.go:125.18,126.46 1 2
github.com/kubernetes/kompose/pkg/loader/compose/utils.go:127.22,128.50 1 2
github.com/kubernetes/kompose/pkg/loader/compose/utils.go:129.18,130.34 1 0
github.com/kubernetes/kompose/pkg/loader/compose/utils.go:131.10,132.132 1 0
github.com/kubernetes/kompose/pkg/loader/compose/utils.go:136.53,138.2 1 0
github.com/kubernetes/kompose/pkg/loader/compose/utils.go:140.51,143.2 2 3
github.com/kubernetes/kompose/pkg/loader/compose/utils.go:145.46,147.2 1 0
github.com/kubernetes/kompose/pkg/loader/compose/utils.go:149.60,153.16 4 4
github.com/kubernetes/kompose/pkg/loader/compose/utils.go:156.2,157.20 2 4
github.com/kubernetes/kompose/pkg/loader/compose/utils.go:153.16,155.3 1 0
github.com/kubernetes/kompose/pkg/loader/compose/utils.go:161.48,162.21 1 0
github.com/kubernetes/kompose/pkg/loader/compose/utils.go:170.2,170.34 1 0
github.com/kubernetes/kompose/pkg/loader/compose/utils.go:162.21,163.23 1 0
github.com/kubernetes/kompose/pkg/loader/compose/utils.go:168.3,168.24 1 0
github.com/kubernetes/kompose/pkg/loader/compose/utils.go:163.23,167.4 3 0
github.com/kubernetes/kompose/pkg/loader/compose/v1v2.go:43.63,48.35 3 0
github.com/kubernetes/kompose/pkg/loader/compose/v1v2.go:52.2,52.38 1 0
github.com/kubernetes/kompose/pkg/loader/compose/v1v2.go:68.2,70.16 3 0
github.com/kubernetes/kompose/pkg/loader/compose/v1v2.go:74.2,75.36 2 0
github.com/kubernetes/kompose/pkg/loader/compose/v1v2.go:80.2,81.16 2 0
github.com/kubernetes/kompose/pkg/loader/compose/v1v2.go:85.2,85.27 1 0
github.com/kubernetes/kompose/pkg/loader/compose/v1v2.go:48.35,50.3 1 0
github.com/kubernetes/kompose/pkg/loader/compose/v1v2.go:52.38,54.17 2 0
github.com/kubernetes/kompose/pkg/loader/compose/v1v2.go:57.3,64.4 1 0
github.com/kubernetes/kompose/pkg/loader/compose/v1v2.go:54.17,56.4 1 0
github.com/kubernetes/kompose/pkg/loader/compose/v1v2.go:70.16,72.3 1 0
github.com/kubernetes/kompose/pkg/loader/compose/v1v2.go:75.36,77.3 1 0
github.com/kubernetes/kompose/pkg/loader/compose/v1v2.go:81.16,83.3 1 0
github.com/kubernetes/kompose/pkg/loader/compose/v1v2.go:90.81,94.34 3 9
github.com/kubernetes/kompose/pkg/loader/compose/v1v2.go:142.2,142.23 1 9
github.com/kubernetes/kompose/pkg/loader/compose/v1v2.go:147.2,147.19 1 9
github.com/kubernetes/kompose/pkg/loader/compose/v1v2.go:166.2,166.16 1 9
github.com/kubernetes/kompose/pkg/loader/compose/v1v2.go:94.34,97.55 2 11
github.com/kubernetes/kompose/pkg/loader/compose/v1v2.go:104.3,105.17 2 11
github.com/kubernetes/kompose/pkg/loader/compose/v1v2.go:112.3,112.26 1 11
github.com/kubernetes/kompose/pkg/loader/compose/v1v2.go:119.3,120.21 2 11
github.com/kubernetes/kompose/pkg/loader/compose/v1v2.go:123.3,125.27 2 11
github.com/kubernetes/kompose/pkg/loader/compose/v1v2.go:97.55,98.72 1 2
github.com/kubernetes/kompose/pkg/loader/compose/v1v2.go:101.4,101.21 1 2
github.com/kubernetes/kompose/pkg/loader/compose/v1v2.go:98.72,100.5 1 0
github.com/kubernetes/kompose/pkg/loader/compose/v1v2.go:105.17,107.4 1 0
github.com/kubernetes/kompose/pkg/loader/compose/v1v2.go:112.26,113.25 1 26
github.com/kubernetes/kompose/pkg/loader/compose/v1v2.go:113.25,116.5 2 26
github.com/kubernetes/kompose/pkg/loader/compose/v1v2.go:120.21,122.4 1 26
github.com/kubernetes/kompose/pkg/loader/compose/v1v2.go:125.27,127.18 2 26
github.com/kubernetes/kompose/pkg/loader/compose/v1v2.go:130.4,130.27 1 26
github.com/kubernetes/kompose/pkg/loader/compose/v1v2.go:127.18,129.5 1 0
github.com/kubernetes/kompose/pkg/loader/compose/v1v2.go:130.27,137.5 1 26
github.com/kubernetes/kompose/pkg/loader/compose/v1v2.go:142.23,145.3 1 26
github.com/kubernetes/kompose/pkg/loader/compose/v1v2.go:147.19,148.31 1 1
github.com/kubernetes/kompose/pkg/loader/compose/v1v2.go:148.31,151.40 3 2
github.com/kubernetes/kompose/pkg/loader/compose/v1v2.go:157.4,157.42 1 2
github.com/kubernetes/kompose/pkg/loader/compose/v1v2.go:151.40,155.5 3 0
github.com/kubernetes/kompose/pkg/loader/compose/v1v2.go:157.42,162.5 1 1
github.com/kubernetes/kompose/pkg/loader/compose/v1v2.go:170.96,179.77 2 0
github.com/kubernetes/kompose/pkg/loader/compose/v1v2.go:278.2,280.27 2 0
github.com/kubernetes/kompose/pkg/loader/compose/v1v2.go:179.77,185.52 6 0
github.com/kubernetes/kompose/pkg/loader/compose/v1v2.go:188.3,200.47 10 0
github.com/kubernetes/kompose/pkg/loader/compose/v1v2.go:205.3,206.17 2 0
github.com/kubernetes/kompose/pkg/loader/compose/v1v2.go:209.3,213.42 3 0
github.com/kubernetes/kompose/pkg/loader/compose/v1v2.go:223.3,223.89 1 0
github.com/kubernetes/kompose/pkg/loader/compose/v1v2.go:227.3,228.17 2 0
github.com/kubernetes/kompose/pkg/loader/compose/v1v2.go:233.3,250.48 15 0
github.com/kubernetes/kompose/pkg/loader/compose/v1v2.go:255.3,255.43 1 0
github.com/kubernetes/kompose/pkg/loader/compose/v1v2.go:265.3,266.17 2 0
github.com/kubernetes/kompose/pkg/loader/compose/v1v2.go:269.3,272.42 3 0
github.com/kubernetes/kompose/pkg/loader/compose/v1v2.go:185.52,187.4 1 0
github.com/kubernetes/kompose/pkg/loader/compose/v1v2.go:200.47,202.4 1 0
github.com/kubernetes/kompose/pkg/loader/compose/v1v2.go:206.17,208.4 1 0
github.com/kubernetes/kompose/pkg/loader/compose/v1v2.go:213.42,214.64 1 0
github.com/kubernetes/kompose/pkg/loader/compose/v1v2.go:214.64,217.5 2 0
github.com/kubernetes/kompose/pkg/loader/compose/v1v2.go:223.89,225.4 1 0
github.com/kubernetes/kompose/pkg/loader/compose/v1v2.go:228.17,230.4 1 0
github.com/kubernetes/kompose/pkg/loader/compose/v1v2.go:250.48,253.4 2 0
github.com/kubernetes/kompose/pkg/loader/compose/v1v2.go:255.43,256.55 1 0
github.com/kubernetes/kompose/pkg/loader/compose/v1v2.go:256.55,257.66 1 0
github.com/kubernetes/kompose/pkg/loader/compose/v1v2.go:257.66,258.33 1 0
github.com/kubernetes/kompose/pkg/loader/compose/v1v2.go:258.33,260.7 1 0
github.com/kubernetes/kompose/pkg/loader/compose/v1v2.go:266.17,268.4 1 0
github.com/kubernetes/kompose/pkg/loader/compose/v1v2.go:272.42,274.4 1 0
github.com/kubernetes/kompose/pkg/loader/compose/v1v2.go:284.57,285.49 1 0
github.com/kubernetes/kompose/pkg/loader/compose/v1v2.go:285.49,288.17 2 0
github.com/kubernetes/kompose/pkg/loader/compose/v1v2.go:292.3,294.44 3 0
github.com/kubernetes/kompose/pkg/loader/compose/v1v2.go:288.17,290.4 1 0
github.com/kubernetes/kompose/pkg/loader/compose/v1v2.go:298.74,299.73 1 2
github.com/kubernetes/kompose/pkg/loader/compose/v1v2.go:302.2,302.12 1 1
github.com/kubernetes/kompose/pkg/loader/compose/v1v2.go:299.73,301.3 1 1
github.com/kubernetes/kompose/pkg/loader/compose/v1v2.go:306.112,308.62 1 0
github.com/kubernetes/kompose/pkg/loader/compose/v1v2.go:355.2,355.8 1 0
github.com/kubernetes/kompose/pkg/loader/compose/v1v2.go:308.62,310.76 1 0
github.com/kubernetes/kompose/pkg/loader/compose/v1v2.go:310.76,313.18 2 0
github.com/kubernetes/kompose/pkg/loader/compose/v1v2.go:316.4,318.18 3 0
github.com/kubernetes/kompose/pkg/loader/compose/v1v2.go:322.4,322.29 1 0
github.com/kubernetes/kompose/pkg/loader/compose/v1v2.go:339.4,339.29 1 0
github.com/kubernetes/kompose/pkg/loader/compose/v1v2.go:313.18,315.5 1 0
github.com/kubernetes/kompose/pkg/loader/compose/v1v2.go:318.18,320.5 1 0
github.com/kubernetes/kompose/pkg/loader/compose/v1v2.go:322.29,325.11 2 0
github.com/kubernetes/kompose/pkg/loader/compose/v1v2.go:336.5,336.32 1 0
github.com/kubernetes/kompose/pkg/loader/compose/v1v2.go:325.11,327.24 1 0
github.com/kubernetes/kompose/pkg/loader/compose/v1v2.go:334.6,334.29 1 0
github.com/kubernetes/kompose/pkg/loader/compose/v1v2.go:327.24,330.7 2 0
github.com/kubernetes/kompose/pkg/loader/compose/v1v2.go:330.12,333.7 2 0
github.com/kubernetes/kompose/pkg/loader/compose/v1v2.go:339.29,341.38 1 0
github.com/kubernetes/kompose/pkg/loader/compose/v1v2.go:341.38,345.6 2 0
github.com/kubernetes/kompose/pkg/loader/compose/v1v2.go:348.8,351.17 2 0
github.com/kubernetes/kompose/pkg/loader/compose/v1v2.go:351.17,353.4 1 0
github.com/kubernetes/kompose/pkg/loader/compose/v1v2.go:359.75,360.29 1 0
github.com/kubernetes/kompose/pkg/loader/compose/v1v2.go:365.2,365.13 1 0
github.com/kubernetes/kompose/pkg/loader/compose/v1v2.go:360.29,361.32 1 0
github.com/kubernetes/kompose/pkg/loader/compose/v1v2.go:361.32,363.4 1 0
github.com/kubernetes/kompose/pkg/loader/compose/v1v2.go:369.78,373.30 3 0
github.com/kubernetes/kompose/pkg/loader/compose/v1v2.go:386.2,386.21 1 0
github.com/kubernetes/kompose/pkg/loader/compose/v1v2.go:373.30,376.17 3 0
github.com/kubernetes/kompose/pkg/loader/compose/v1v2.go:379.3,383.31 5 0
github.com/kubernetes/kompose/pkg/loader/compose/v1v2.go:376.17,378.4 1 0
github.com/kubernetes/kompose/pkg/loader/compose/v1v2.go:390.85,391.26 1 0
github.com/kubernetes/kompose/pkg/loader/compose/v1v2.go:396.2,396.33 1 0
github.com/kubernetes/kompose/pkg/loader/compose/v1v2.go:391.26,392.39 1 0
github.com/kubernetes/kompose/pkg/loader/compose/v1v2.go:392.39,394.4 1 0
github.com/kubernetes/kompose/pkg/loader/compose/v1v2.go:400.51,402.26 2 0
github.com/kubernetes/kompose/pkg/loader/compose/v1v2.go:409.2,409.22 1 0
github.com/kubernetes/kompose/pkg/loader/compose/v1v2.go:402.26,404.17 2 0
github.com/kubernetes/kompose/pkg/loader/compose/v1v2.go:407.3,407.40 1 0
github.com/kubernetes/kompose/pkg/loader/compose/v1v2.go:404.17,406.4 1 0
github.com/kubernetes/kompose/pkg/loader/compose/v3.go:45.52,48.24 3 0
github.com/kubernetes/kompose/pkg/loader/compose/v3.go:56.2,56.20 1 0
github.com/kubernetes/kompose/pkg/loader/compose/v3.go:48.24,50.32 1 0
github.com/kubernetes/kompose/pkg/loader/compose/v3.go:53.3,54.24 2 0
github.com/kubernetes/kompose/pkg/loader/compose/v3.go:50.32,52.4 1 0
github.com/kubernetes/kompose/pkg/loader/compose/v3.go:62.61,68.16 2 0
github.com/kubernetes/kompose/pkg/loader/compose/v3.go:73.2,74.16 2 0
github.com/kubernetes/kompose/pkg/loader/compose/v3.go:78.2,79.29 2 0
github.com/kubernetes/kompose/pkg/loader/compose/v3.go:123.2,124.36 2 0
github.com/kubernetes/kompose/pkg/loader/compose/v3.go:129.2,130.16 2 0
github.com/kubernetes/kompose/pkg/loader/compose/v3.go:134.2,134.27 1 0
github.com/kubernetes/kompose/pkg/loader/compose/v3.go:68.16,70.3 1 0
github.com/kubernetes/kompose/pkg/loader/compose/v3.go:74.16,76.3 1 0
github.com/kubernetes/kompose/pkg/loader/compose/v3.go:79.29,82.17 2 0
github.com/kubernetes/kompose/pkg/loader/compose/v3.go:87.3,88.17 2 0
github.com/kubernetes/kompose/pkg/loader/compose/v3.go:93.3,110.17 4 0
github.com/kubernetes/kompose/pkg/loader/compose/v3.go:113.3,113.20 1 0
github.com/kubernetes/kompose/pkg/loader/compose/v3.go:82.17,84.4 1 0
github.com/kubernetes/kompose/pkg/loader/compose/v3.go:88.17,90.4 1 0
github.com/kubernetes/kompose/pkg/loader/compose/v3.go:110.17,112.4 1 0
github.com/kubernetes/kompose/pkg/loader/compose/v3.go:113.20,115.4 1 0
github.com/kubernetes/kompose/pkg/loader/compose/v3.go:115.9,117.18 2 0
github.com/kubernetes/kompose/pkg/loader/compose/v3.go:117.18,119.5 1 0
github.com/kubernetes/kompose/pkg/loader/compose/v3.go:124.36,126.3 1 0
github.com/kubernetes/kompose/pkg/loader/compose/v3.go:130.16,132.3 1 0
github.com/kubernetes/kompose/pkg/loader/compose/v3.go:137.62,140.32 3 1
github.com/kubernetes/kompose/pkg/loader/compose/v3.go:157.2,157.18 1 1
github.com/kubernetes/kompose/pkg/loader/compose/v3.go:140.32,142.17 2 2
github.com/kubernetes/kompose/pkg/loader/compose/v3.go:146.3,146.30 1 1
github.com/kubernetes/kompose/pkg/loader/compose/v3.go:142.17,144.12 2 1
github.com/kubernetes/kompose/pkg/loader/compose/v3.go:146.30,148.4 1 0
github.com/kubernetes/kompose/pkg/loader/compose/v3.go:148.9,148.53 1 1
github.com/kubernetes/kompose/pkg/loader/compose/v3.go:148.53,150.4 1 0
github.com/kubernetes/kompose/pkg/loader/compose/v3.go:150.9,150.53 1 1
github.com/kubernetes/kompose/pkg/loader/compose/v3.go:150.53,153.4 2 1
github.com/kubernetes/kompose/pkg/loader/compose/v3.go:153.9,155.4 1 0
github.com/kubernetes/kompose/pkg/loader/compose/v3.go:164.66,166.30 2 1
github.com/kubernetes/kompose/pkg/loader/compose/v3.go:180.2,180.17 1 1
github.com/kubernetes/kompose/pkg/loader/compose/v3.go:166.30,170.23 2 1
github.com/kubernetes/kompose/pkg/loader/compose/v3.go:174.3,174.19 1 1
github.com/kubernetes/kompose/pkg/loader/compose/v3.go:178.3,178.33 1 1
github.com/kubernetes/kompose/pkg/loader/compose/v3.go:170.23,172.4 1 1
github.com/kubernetes/kompose/pkg/loader/compose/v3.go:174.19,176.4 1 1
github.com/kubernetes/kompose/pkg/loader/compose/v3.go:185.84,190.29 3 2
github.com/kubernetes/kompose/pkg/loader/compose/v3.go:204.2,204.19 1 2
github.com/kubernetes/kompose/pkg/loader/compose/v3.go:226.2,226.21 1 2
github.com/kubernetes/kompose/pkg/loader/compose/v3.go:190.29,202.3 2 2
github.com/kubernetes/kompose/pkg/loader/compose/v3.go:204.19,205.31 1 2
github.com/kubernetes/kompose/pkg/loader/compose/v3.go:205.31,208.40 3 3
github.com/kubernetes/kompose/pkg/loader/compose/v3.go:214.4,214.41 1 3
github.com/kubernetes/kompose/pkg/loader/compose/v3.go:217.4,222.6 1 2
github.com/kubernetes/kompose/pkg/loader/compose/v3.go:208.40,212.5 3 1
github.com/kubernetes/kompose/pkg/loader/compose/v3.go:214.41,215.13 1 1
github.com/kubernetes/kompose/pkg/loader/compose/v3.go:232.82,238.33 4 0
github.com/kubernetes/kompose/pkg/loader/compose/v3.go:269.2,269.23 1 0
github.com/kubernetes/kompose/pkg/loader/compose/v3.go:273.2,273.48 1 0
github.com/kubernetes/kompose/pkg/loader/compose/v3.go:278.2,285.8 1 0
github.com/kubernetes/kompose/pkg/loader/compose/v3.go:238.33,239.14 1 0
github.com/kubernetes/kompose/pkg/loader/compose/v3.go:240.36,241.32 1 0
github.com/kubernetes/kompose/pkg/loader/compose/v3.go:242.33,243.22 1 0
github.com/kubernetes/kompose/pkg/loader/compose/v3.go:246.37,248.18 2 0
github.com/kubernetes/kompose/pkg/loader/compose/v3.go:251.4,251.37 1 0
github.com/kubernetes/kompose/pkg/loader/compose/v3.go:252.36,254.18 2 0
github.com/kubernetes/kompose/pkg/loader/compose/v3.go:257.4,257.36 1 0
github.com/kubernetes/kompose/pkg/loader/compose/v3.go:258.36,259.33 1 0
github.com/kubernetes/kompose/pkg/loader/compose/v3.go:260.40,262.18 2 0
github.com/kubernetes/kompose/pkg/loader/compose/v3.go:265.4,265.40 1 0
github.com/kubernetes/kompose/pkg/loader/compose/v3.go:243.22,245.5 1 0
github.com/kubernetes/kompose/pkg/loader/compose/v3.go:248.18,250.5 1 0
github.com/kubernetes/kompose/pkg/loader/compose/v3.go:254.18,256.5 1 0
github.com/kubernetes/kompose/pkg/loader/compose/v3.go:262.18,264.5 1 0
github.com/kubernetes/kompose/pkg/loader/compose/v3.go:269.23,272.3 2 0
github.com/kubernetes/kompose/pkg/loader/compose/v3.go:273.48,275.3 1 0
github.com/kubernetes/kompose/pkg/loader/compose/v3.go:291.96,295.39 2 1
github.com/kubernetes/kompose/pkg/loader/compose/v3.go:303.2,303.40 1 1
github.com/kubernetes/kompose/pkg/loader/compose/v3.go:311.2,311.39 1 1
github.com/kubernetes/kompose/pkg/loader/compose/v3.go:315.2,315.43 1 1
github.com/kubernetes/kompose/pkg/loader/compose/v3.go:324.2,330.8 1 1
github.com/kubernetes/kompose/pkg/loader/compose/v3.go:295.39,297.17 2 1
github.com/kubernetes/kompose/pkg/loader/compose/v3.go:300.3,300.35 1 1
github.com/kubernetes/kompose/pkg/loader/compose/v3.go:297.17,299.4 1 0
github.com/kubernetes/kompose/pkg/loader/compose/v3.go:303.40,305.17 2 1
github.com/kubernetes/kompose/pkg/loader/compose/v3.go:308.3,308.36 1 1
github.com/kubernetes/kompose/pkg/loader/compose/v3.go:305.17,307.4 1 0
github.com/kubernetes/kompose/pkg/loader/compose/v3.go:311.39,313.3 1 1
github.com/kubernetes/kompose/pkg/loader/compose/v3.go:315.43,317.17 2 1
github.com/kubernetes/kompose/pkg/loader/compose/v3.go:320.3,320.39 1 1
github.com/kubernetes/kompose/pkg/loader/compose/v3.go:317.17,319.4 1 0
github.com/kubernetes/kompose/pkg/loader/compose/v3.go:333.96,344.62 2 0
github.com/kubernetes/kompose/pkg/loader/compose/v3.go:469.2,471.27 2 0
github.com/kubernetes/kompose/pkg/loader/compose/v3.go:344.62,368.50 21 0
github.com/kubernetes/kompose/pkg/loader/compose/v3.go:372.3,374.81 2 0
github.com/kubernetes/kompose/pkg/loader/compose/v3.go:380.3,385.91 3 0
github.com/kubernetes/kompose/pkg/loader/compose/v3.go:394.3,395.107 2 0
github.com/kubernetes/kompose/pkg/loader/compose/v3.go:404.3,405.55 2 0
github.com/kubernetes/kompose/pkg/loader/compose/v3.go:408.3,408.48 1 0
github.com/kubernetes/kompose/pkg/loader/compose/v3.go:414.3,414.50 1 0
github.com/kubernetes/kompose/pkg/loader/compose/v3.go:419.3,421.54 2 0
github.com/kubernetes/kompose/pkg/loader/compose/v3.go:428.3,451.89 9 0
github.com/kubernetes/kompose/pkg/loader/compose/v3.go:456.3,456.42 1 0
github.com/kubernetes/kompose/pkg/loader/compose/v3.go:460.3,462.56 3 0
github.com/kubernetes/kompose/pkg/loader/compose/v3.go:466.3,466.76 1 0
github.com/kubernetes/kompose/pkg/loader/compose/v3.go:368.50,370.4 1 0
github.com/kubernetes/kompose/pkg/loader/compose/v3.go:374.81,376.4 1 0
github.com/kubernetes/kompose/pkg/loader/compose/v3.go:385.91,388.18 3 0
github.com/kubernetes/kompose/pkg/loader/compose/v3.go:388.18,390.5 1 0
github.com/kubernetes/kompose/pkg/loader/compose/v3.go:395.107,397.27 2 0
github.com/kubernetes/kompose/pkg/loader/compose/v3.go:397.27,399.5 1 0
github.com/kubernetes/kompose/pkg/loader/compose/v3.go:405.55,407.4 1 0
github.com/kubernetes/kompose/pkg/loader/compose/v3.go:408.48,411.4 2 0
github.com/kubernetes/kompose/pkg/loader/compose/v3.go:414.50,416.4 1 0
github.com/kubernetes/kompose/pkg/loader/compose/v3.go:421.54,423.4 1 0
github.com/kubernetes/kompose/pkg/loader/compose/v3.go:451.89,453.4 1 0
github.com/kubernetes/kompose/pkg/loader/compose/v3.go:456.42,458.4 1 0
github.com/kubernetes/kompose/pkg/loader/compose/v3.go:462.56,464.4 1 0
github.com/kubernetes/kompose/pkg/loader/compose/v3.go:474.131,475.45 1 0
github.com/kubernetes/kompose/pkg/loader/compose/v3.go:475.45,476.66 1 0
github.com/kubernetes/kompose/pkg/loader/compose/v3.go:476.66,478.4 1 0
github.com/kubernetes/kompose/pkg/loader/compose/v3.go:479.8,481.50 2 0
github.com/kubernetes/kompose/pkg/loader/compose/v3.go:481.50,486.21 3 0
github.com/kubernetes/kompose/pkg/loader/compose/v3.go:489.4,489.66 1 0
github.com/kubernetes/kompose/pkg/loader/compose/v3.go:486.21,488.5 1 0
github.com/kubernetes/kompose/pkg/loader/compose/v3.go:494.110,495.66 1 0
github.com/kubernetes/kompose/pkg/loader/compose/v3.go:527.2,527.12 1 0
github.com/kubernetes/kompose/pkg/loader/compose/v3.go:495.66,504.58 1 0
github.com/kubernetes/kompose/pkg/loader/compose/v3.go:515.3,515.64 1 0
github.com/kubernetes/kompose/pkg/loader/compose/v3.go:504.58,507.67 2 0
github.com/kubernetes/kompose/pkg/loader/compose/v3.go:507.67,509.19 2 0
github.com/kubernetes/kompose/pkg/loader/compose/v3.go:512.5,512.52 1 0
github.com/kubernetes/kompose/pkg/loader/compose/v3.go:509.19,511.6 1 0
github.com/kubernetes/kompose/pkg/loader/compose/v3.go:515.64,518.73 2 0
github.com/kubernetes/kompose/pkg/loader/compose/v3.go:518.73,520.19 2 0
github.com/kubernetes/kompose/pkg/loader/compose/v3.go:523.5,523.64 1 0
github.com/kubernetes/kompose/pkg/loader/compose/v3.go:520.19,522.6 1 0
github.com/kubernetes/kompose/pkg/loader/compose/v3.go:530.106,535.60 1 0
github.com/kubernetes/kompose/pkg/loader/compose/v3.go:535.60,537.19 2 0
github.com/kubernetes/kompose/pkg/loader/compose/v3.go:547.3,547.69 1 0
github.com/kubernetes/kompose/pkg/loader/compose/v3.go:537.19,539.4 1 0
github.com/kubernetes/kompose/pkg/loader/compose/v3.go:539.9,541.10 2 0
github.com/kubernetes/kompose/pkg/loader/compose/v3.go:541.10,543.5 1 0
github.com/kubernetes/kompose/pkg/loader/compose/v3.go:543.10,544.13 1 0
github.com/kubernetes/kompose/pkg/loader/compose/v3.go:552.95,557.33 1 0
github.com/kubernetes/kompose/pkg/loader/compose/v3.go:561.2,561.33 1 0
github.com/kubernetes/kompose/pkg/loader/compose/v3.go:585.2,585.79 1 0
github.com/kubernetes/kompose/pkg/loader/compose/v3.go:589.2,589.101 1 0
github.com/kubernetes/kompose/pkg/loader/compose/v3.go:593.2,593.68 1 0
github.com/kubernetes/kompose/pkg/loader/compose/v3.go:597.2,597.12 1 0
github.com/kubernetes/kompose/pkg/loader/compose/v3.go:557.33,559.3 1 0
github.com/kubernetes/kompose/pkg/loader/compose/v3.go:561.33,562.14 1 0
github.com/kubernetes/kompose/pkg/loader/compose/v3.go:563.25,565.18 2 0
github.com/kubernetes/kompose/pkg/loader/compose/v3.go:569.4,569.43 1 0
github.com/kubernetes/kompose/pkg/loader/compose/v3.go:570.27,571.76 1 0
github.com/kubernetes/kompose/pkg/loader/compose/v3.go:572.26,573.52 1 0
github.com/kubernetes/kompose/pkg/loader/compose/v3.go:574.36,575.42 1 0
github.com/kubernetes/kompose/pkg/loader/compose/v3.go:576.29,577.41 1 0
github.com/kubernetes/kompose/pkg/loader/compose/v3.go:578.29,579.41 1 0
github.com/kubernetes/kompose/pkg/loader/compose/v3.go:580.11,581.37 1 0
github.com/kubernetes/kompose/pkg/loader/compose/v3.go:565.18,567.5 1 0
github.com/kubernetes/kompose/pkg/loader/compose/v3.go:585.79,587.3 1 0
github.com/kubernetes/kompose/pkg/loader/compose/v3.go:589.101,591.3 1 0
github.com/kubernetes/kompose/pkg/loader/compose/v3.go:593.68,595.3 1 0
github.com/kubernetes/kompose/pkg/loader/compose/v3.go:600.99,601.49 1 0
github.com/kubernetes/kompose/pkg/loader/compose/v3.go:601.49,604.17 2 0
github.com/kubernetes/kompose/pkg/loader/compose/v3.go:607.3,607.34 1 0
github.com/kubernetes/kompose/pkg/loader/compose/v3.go:618.3,620.44 3 0
github.com/kubernetes/kompose/pkg/loader/compose/v3.go:604.17,606.4 1 0
github.com/kubernetes/kompose/pkg/loader/compose/v3.go:607.34,609.42 2 0
github.com/kubernetes/kompose/pkg/loader/compose/v3.go:609.42,615.5 4 0
github.com/kubernetes/kompose/pkg/loader/compose/v3.go:624.94,627.40 2 0
github.com/kubernetes/kompose/pkg/loader/compose/v3.go:637.2,637.23 1 0
github.com/kubernetes/kompose/pkg/loader/compose/v3.go:627.40,628.41 1 0
github.com/kubernetes/kompose/pkg/loader/compose/v3.go:628.41,629.36 1 0
github.com/kubernetes/kompose/pkg/loader/compose/v3.go:629.36,631.5 1 0
github.com/kubernetes/kompose/pkg/loader/compose/v3.go:631.10,631.47 1 0
github.com/kubernetes/kompose/pkg/loader/compose/v3.go:631.47,633.5 1 0
github.com/kubernetes/kompose/pkg/loader/compose/v3.go:640.100,641.44 1 0
github.com/kubernetes/kompose/pkg/loader/compose/v3.go:644.2,645.50 2 0
github.com/kubernetes/kompose/pkg/loader/compose/v3.go:649.2,649.46 1 0
github.com/kubernetes/kompose/pkg/loader/compose/v3.go:848.2,848.48 1 0
github.com/kubernetes/kompose/pkg/loader/compose/v3.go:853.2,853.46 1 0
github.com/kubernetes/kompose/pkg/loader/compose/v3.go:858.2,858.46 1 0
github.com/kubernetes/kompose/pkg/loader/compose/v3.go:863.2,863.46 1 0
github.com/kubernetes/kompose/pkg/loader/compose/v3.go:867.2,867.24 1 0
github.com/kubernetes/kompose/pkg/loader/compose/v3.go:641.44,643.3 1 0
github.com/kubernetes/kompose/pkg/loader/compose/v3.go:645.50,647.3 1 0
github.com/kubernetes/kompose/pkg/loader/compose/v3.go:649.46,651.66 2 0
github.com/kubernetes/kompose/pkg/loader/compose/v3.go:657.3,658.37 2 0
github.com/kubernetes/kompose/pkg/loader/compose/v3.go:661.3,661.31 1 0
github.com/kubernetes/kompose/pkg/loader/compose/v3.go:664.3,664.32 1 0
github.com/kubernetes/kompose/pkg/loader/compose/v3.go:667.3,667.33 1 0
github.com/kubernetes/kompose/pkg/loader/compose/v3.go:670.3,670.32 1 0
github.com/kubernetes/kompose/pkg/loader/compose/v3.go:673.3,673.32 1 0
github.com/kubernetes/kompose/pkg/loader/compose/v3.go:676.3,676.34 1 0
github.com/kubernetes/kompose/pkg/loader/compose/v3.go:679.3,679.81 1 0
github.com/kubernetes/kompose/pkg/loader/compose/v3.go:682.3,682.34 1 0
github.com/kubernetes/kompose/pkg/loader/compose/v3.go:685.3,685.32 1 0
github.com/kubernetes/kompose/pkg/loader/compose/v3.go:688.3,688.45 1 0
github.com/kubernetes/kompose/pkg/loader/compose/v3.go:692.3,692.51 1 0
github.com/kubernetes/kompose/pkg/loader/compose/v3.go:696.3,696.32 1 0
github.com/kubernetes/kompose/pkg/loader/compose/v3.go:702.3,702.28 1 0
github.com/kubernetes/kompose/pkg/loader/compose/v3.go:706.3,706.34 1 0
github.com/kubernetes/kompose/pkg/loader/compose/v3.go:710.3,710.31 1 0
github.com/kubernetes/kompose/pkg/loader/compose/v3.go:713.3,713.35 1 0
github.com/kubernetes/kompose/pkg/loader/compose/v3.go:716.3,716.36 1 0
github.com/kubernetes/kompose/pkg/loader/compose/v3.go:722.3,722.32 1 0
github.com/kubernetes/kompose/pkg/loader/compose/v3.go:725.3,725.31 1 0
github.com/kubernetes/kompose/pkg/loader/compose/v3.go:729.3,729.38 1 0
github.com/kubernetes/kompose/pkg/loader/compose/v3.go:733.3,733.35 1 0
github.com/kubernetes/kompose/pkg/loader/compose/v3.go:736.3,736.29 1 0
github.com/kubernetes/kompose/pkg/loader/compose/v3.go:739.3,739.33 1 0
github.com/kubernetes/kompose/pkg/loader/compose/v3.go:742.3,742.26 1 0
github.com/kubernetes/kompose/pkg/loader/compose/v3.go:745.3,745.24 1 0
github.com/kubernetes/kompose/pkg/loader/compose/v3.go:748.3,748.31 1 0
github.com/kubernetes/kompose/pkg/loader/compose/v3.go:754.3,754.30 1 0
github.com/kubernetes/kompose/pkg/loader/compose/v3.go:757.3,757.29 1 0
github.com/kubernetes/kompose/pkg/loader/compose/v3.go:760.3,760.31 1 0
github.com/kubernetes/kompose/pkg/loader/compose/v3.go:763.3,763.32 1 0
github.com/kubernetes/kompose/pkg/loader/compose/v3.go:766.3,766.33 1 0
github.com/kubernetes/kompose/pkg/loader/compose/v3.go:769.3,769.24 1 0
github.com/kubernetes/kompose/pkg/loader/compose/v3.go:772.3,772.30 1 0
github.com/kubernetes/kompose/pkg/loader/compose/v3.go:776.3,776.53 1 0
github.com/kubernetes/kompose/pkg/loader/compose/v3.go:779.3,779.49 1 0
github.com/kubernetes/kompose/pkg/loader/compose/v3.go:782.3,782.28 1 0
github.com/kubernetes/kompose/pkg/loader/compose/v3.go:785.3,785.32 1 0
github.com/kubernetes/kompose/pkg/loader/compose/v3.go:788.3,788.36 1 0
github.com/kubernetes/kompose/pkg/loader/compose/v3.go:791.3,791.51 1 0
github.com/kubernetes/kompose/pkg/loader/compose/v3.go:794.3,794.31 1 0
github.com/kubernetes/kompose/pkg/loader/compose/v3.go:797.3,797.30 1 0
github.com/kubernetes/kompose/pkg/loader/compose/v3.go:801.3,801.39 1 0
github.com/kubernetes/kompose/pkg/loader/compose/v3.go:804.3,804.32 1 0
github.com/kubernetes/kompose/pkg/loader/compose/v3.go:807.3,807.25 1 0
github.com/kubernetes/kompose/pkg/loader/compose/v3.go:810.3,810.32 1 0
github.com/kubernetes/kompose/pkg/loader/compose/v3.go:841.3,841.31 1 0
github.com/kubernetes/kompose/pkg/loader/compose/v3.go:844.3,844.45 1 0
github.com/kubernetes/kompose/pkg/loader/compose/v3.go:651.66,653.12 2 0
github.com/kubernetes/kompose/pkg/loader/compose/v3.go:654.9,656.4 1 0
github.com/kubernetes/kompose/pkg/loader/compose/v3.go:658.37,660.4 1 0
github.com/kubernetes/kompose/pkg/loader/compose/v3.go:661.31,663.4 1 0
github.com/kubernetes/kompose/pkg/loader/compose/v3.go:664.32,666.4 1 0
github.com/kubernetes/kompose/pkg/loader/compose/v3.go:667.33,669.4 1 0
github.com/kubernetes/kompose/pkg/loader/compose/v3.go:670.32,672.4 1 0
github.com/kubernetes/kompose/pkg/loader/compose/v3.go:673.32,675.4 1 0
github.com/kubernetes/kompose/pkg/loader/compose/v3.go:676.34,678.4 1 0
github.com/kubernetes/kompose/pkg/loader/compose/v3.go:679.81,681.4 1 0
github.com/kubernetes/kompose/pkg/loader/compose/v3.go:682.34,684.4 1 0
github.com/kubernetes/kompose/pkg/loader/compose/v3.go:685.32,687.4 1 0
github.com/kubernetes/kompose/pkg/loader/compose/v3.go:688.45,690.4 1 0
github.com/kubernetes/kompose/pkg/loader/compose/v3.go:692.51,694.4 1 0
github.com/kubernetes/kompose/pkg/loader/compose/v3.go:696.32,701.4 1 0
github.com/kubernetes/kompose/pkg/loader/compose/v3.go:702.28,705.4 1 0
github.com/kubernetes/kompose/pkg/loader/compose/v3.go:706.34,709.4 1 0
github.com/kubernetes/kompose/pkg/loader/compose/v3.go:710.31,712.4 1 0
github.com/kubernetes/kompose/pkg/loader/compose/v3.go:713.35,715.4 1 0
github.com/kubernetes/kompose/pkg/loader/compose/v3.go:716.36,718.42 1 0
github.com/kubernetes/kompose/pkg/loader/compose/v3.go:718.42,720.5 1 0
github.com/kubernetes/kompose/pkg/loader/compose/v3.go:722.32,724.4 1 0
github.com/kubernetes/kompose/pkg/loader/compose/v3.go:725.31,728.4 1 0
github.com/kubernetes/kompose/pkg/loader/compose/v3.go:729.38,732.4 1 0
github.com/kubernetes/kompose/pkg/loader/compose/v3.go:733.35,735.4 1 0
github.com/kubernetes/kompose/pkg/loader/compose/v3.go:736.29,738.4 1 0
github.com/kubernetes/kompose/pkg/loader/compose/v3.go:739.33,741.4 1 0
github.com/kubernetes/kompose/pkg/loader/compose/v3.go:742.26,744.4 1 0
github.com/kubernetes/kompose/pkg/loader/compose/v3.go:745.24,747.4 1 0
github.com/kubernetes/kompose/pkg/loader/compose/v3.go:748.31,750.37 1 0
github.com/kubernetes/kompose/pkg/loader/compose/v3.go:750.37,752.5 1 0
github.com/kubernetes/kompose/pkg/loader/compose/v3.go:754.30,756.4 1 0
github.com/kubernetes/kompose/pkg/loader/compose/v3.go:757.29,759.4 1 0
github.com/kubernetes/kompose/pkg/loader/compose/v3.go:760.31,762.4 1 0
github.com/kubernetes/kompose/pkg/loader/compose/v3.go:763.32,765.4 1 0
github.com/kubernetes/kompose/pkg/loader/compose/v3.go:766.33,768.4 1 0
github.com/kubernetes/kompose/pkg/loader/compose/v3.go:769.24,771.4 1 0
github.com/kubernetes/kompose/pkg/loader/compose/v3.go:772.30,775.4 1 0
github.com/kubernetes/kompose/pkg/loader/compose/v3.go:776.53,778.4 1 0
github.com/kubernetes/kompose/pkg/loader/compose/v3.go:779.49,781.4 1 0
github.com/kubernetes/kompose/pkg/loader/compose/v3.go:782.28,784.4 1 0
github.com/kubernetes/kompose/pkg/loader/compose/v3.go:785.32,787.4 1 0
github.com/kubernetes/kompose/pkg/loader/compose/v3.go:788.36,790.4 1 0
github.com/kubernetes/kompose/pkg/loader/compose/v3.go:791.51,793.4 1 0
github.com/kubernetes/kompose/pkg/loader/compose/v3.go:794.31,796.4 1 0
github.com/kubernetes/kompose/pkg/loader/compose/v3.go:797.30,800.4 1 0
github.com/kubernetes/kompose/pkg/loader/compose/v3.go:801.39,803.4 1 0
github.com/kubernetes/kompose/pkg/loader/compose/v3.go:804.32,806.4 1 0
github.com/kubernetes/kompose/pkg/loader/compose/v3.go:807.25,809.4 1 0
github.com/kubernetes/kompose/pkg/loader/compose/v3.go:810.32,820.52 3 0
github.com/kubernetes/kompose/pkg/loader/compose/v3.go:825.4,825.46 1 0
github.com/kubernetes/kompose/pkg/loader/compose/v3.go:833.4,835.29 2 0
github.com/kubernetes/kompose/pkg/loader/compose/v3.go:839.4,839.35 1 0
github.com/kubernetes/kompose/pkg/loader/compose/v3.go:820.52,823.5 2 0
github.com/kubernetes/kompose/pkg/loader/compose/v3.go:825.46,826.57 1 0
github.com/kubernetes/kompose/pkg/loader/compose/v3.go:829.5,829.51 1 0
github.com/kubernetes/kompose/pkg/loader/compose/v3.go:826.57,828.6 1 0
github.com/kubernetes/kompose/pkg/loader/compose/v3.go:835.29,837.5 1 0
github.com/kubernetes/kompose/pkg/loader/compose/v3.go:841.31,843.4 1 0
github.com/kubernetes/kompose/pkg/loader/compose/v3.go:848.48,850.3 1 0
github.com/kubernetes/kompose/pkg/loader/compose/v3.go:853.46,855.3 1 0
github.com/kubernetes/kompose/pkg/loader/compose/v3.go:858.46,860.3 1 0
github.com/kubernetes/kompose/pkg/loader/compose/v3.go:863.46,865.3 1 0
github.com/kubernetes/kompose/pkg/loader/compose/v3.go:870.69,871.26 1 0
github.com/kubernetes/kompose/pkg/loader/compose/v3.go:875.2,877.49 2 0
github.com/kubernetes/kompose/pkg/loader/compose/v3.go:892.2,892.47 1 0
github.com/kubernetes/kompose/pkg/loader/compose/v3.go:898.2,898.18 1 0
github.com/kubernetes/kompose/pkg/loader/compose/v3.go:871.26,873.3 1 0
github.com/kubernetes/kompose/pkg/loader/compose/v3.go:877.49,878.45 1 0
github.com/kubernetes/kompose/pkg/loader/compose/v3.go:887.3,887.81 1 0
github.com/kubernetes/kompose/pkg/loader/compose/v3.go:878.45,879.27 1 0
github.com/kubernetes/kompose/pkg/loader/compose/v3.go:882.4,882.27 1 0
github.com/kubernetes/kompose/pkg/loader/compose/v3.go:879.27,881.5 1 0
github.com/kubernetes/kompose/pkg/loader/compose/v3.go:882.27,884.5 1 0
github.com/kubernetes/kompose/pkg/loader/compose/v3.go:887.81,889.4 1 0
github.com/kubernetes/kompose/pkg/loader/compose/v3.go:892.47,893.31 1 0
github.com/kubernetes/kompose/pkg/loader/compose/v3.go:893.31,895.4 1 0
github.com/kubernetes/kompose/pkg/transformer/utils.go:42.28,45.2 2 0
github.com/kubernetes/kompose/pkg/transformer/utils.go:48.50,49.19 1 0
github.com/kubernetes/kompose/pkg/transformer/utils.go:53.2,53.44 1 0
github.com/kubernetes/kompose/pkg/transformer/utils.go:58.2,59.16 2 0
github.com/kubernetes/kompose/pkg/transformer/utils.go:62.2,62.15 1 0
github.com/kubernetes/kompose/pkg/transformer/utils.go:49.19,51.3 1 0
github.com/kubernetes/kompose/pkg/transformer/utils.go:53.44,54.55 1 0
github.com/kubernetes/kompose/pkg/transformer/utils.go:54.55,56.4 1 0
github.com/kubernetes/kompose/pkg/transformer/utils.go:59.16,61.3 1 0
github.com/kubernetes/kompose/pkg/transformer/utils.go:66.81,71.29 3 9
github.com/kubernetes/kompose/pkg/transformer/utils.go:76.2,76.31 1 9
github.com/kubernetes/kompose/pkg/transformer/utils.go:82.2,82.29 1 9
github.com/kubernetes/kompose/pkg/transformer/utils.go:88.2,93.60 2 9
github.com/kubernetes/kompose/pkg/transformer/utils.go:103.2,105.29 3 9
github.com/kubernetes/kompose/pkg/transformer/utils.go:108.2,108.86 1 9
github.com/kubernetes/kompose/pkg/transformer/utils.go:112.2,112.8 1 9
github.com/kubernetes/kompose/pkg/transformer/utils.go:71.29,73.3 1 0
github.com/kubernetes/kompose/pkg/transformer/utils.go:76.31,79.3 2 4
github.com/kubernetes/kompose/pkg/transformer/utils.go:82.29,85.3 2 0
github.com/kubernetes/kompose/pkg/transformer/utils.go:93.60,97.3 3 1
github.com/kubernetes/kompose/pkg/transformer/utils.go:97.8,97.69 1 8
github.com/kubernetes/kompose/pkg/transformer/utils.go:97.69,100.3 2 4
github.com/kubernetes/kompose/pkg/transformer/utils.go:105.29,107.3 1 5
github.com/kubernetes/kompose/pkg/transformer/utils.go:108.86,111.3 2 0
github.com/kubernetes/kompose/pkg/transformer/utils.go:117.52,118.32 1 0
github.com/kubernetes/kompose/pkg/transformer/utils.go:122.2,122.16 1 0
github.com/kubernetes/kompose/pkg/transformer/utils.go:118.32,121.3 2 0
github.com/kubernetes/kompose/pkg/transformer/utils.go:125.36,127.2 1 23
github.com/kubernetes/kompose/pkg/transformer/utils.go:130.50,132.2 1 0
github.com/kubernetes/kompose/pkg/transformer/utils.go:135.75,139.24 3 0
github.com/kubernetes/kompose/pkg/transformer/utils.go:142.2,142.15 1 0
github.com/kubernetes/kompose/pkg/transformer/utils.go:139.24,141.3 1 0
github.com/kubernetes/kompose/pkg/transformer/utils.go:147.85,149.33 2 0
github.com/kubernetes/kompose/pkg/transformer/utils.go:154.2,154.13 1 0
github.com/kubernetes/kompose/pkg/transformer/utils.go:149.33,150.42 1 0
github.com/kubernetes/kompose/pkg/transformer/utils.go:150.42,152.4 1 0
github.com/kubernetes/kompose/pkg/transformer/utils.go:158.73,160.46 2 0
github.com/kubernetes/kompose/pkg/transformer/utils.go:164.2,164.36 1 0
github.com/kubernetes/kompose/pkg/transformer/utils.go:168.2,171.16 4 0
github.com/kubernetes/kompose/pkg/transformer/utils.go:174.2,177.42 2 0
github.com/kubernetes/kompose/pkg/transformer/utils.go:181.2,181.20 1 0
github.com/kubernetes/kompose/pkg/transformer/utils.go:160.46,162.3 1 0
github.com/kubernetes/kompose/pkg/transformer/utils.go:164.36,166.3 1 0
github.com/kubernetes/kompose/pkg/transformer/utils.go:171.16,173.3 1 0
github.com/kubernetes/kompose/pkg/transformer/utils.go:177.42,179.3 1 0
github.com/kubernetes/kompose/pkg/transformer/utils.go:185.135,187.18 2 0
github.com/kubernetes/kompose/pkg/transformer/utils.go:192.2,192.14 1 0
github.com/kubernetes/kompose/pkg/transformer/utils.go:209.2,209.18 1 0
github.com/kubernetes/kompose/pkg/transformer/utils.go:187.18,189.3 1 0
github.com/kubernetes/kompose/pkg/transformer/utils.go:189.8,191.3 1 0
github.com/kubernetes/kompose/pkg/transformer/utils.go:192.14,195.3 2 0
github.com/kubernetes/kompose/pkg/transformer/utils.go:195.8,195.21 1 0
github.com/kubernetes/kompose/pkg/transformer/utils.go:195.21,197.77 1 0
github.com/kubernetes/kompose/pkg/transformer/utils.go:200.3,200.11 1 0
github.com/kubernetes/kompose/pkg/transformer/utils.go:197.77,199.4 1 0
github.com/kubernetes/kompose/pkg/transformer/utils.go:201.8,204.60 2 0
github.com/kubernetes/kompose/pkg/transformer/utils.go:207.3,207.71 1 0
github.com/kubernetes/kompose/pkg/transformer/utils.go:204.60,206.4 1 0
github.com/kubernetes/kompose/pkg/transformer/utils.go:213.49,214.46 1 2
github.com/kubernetes/kompose/pkg/transformer/utils.go:219.2,219.17 1 0
github.com/kubernetes/kompose/pkg/transformer/utils.go:214.46,216.3 1 1
github.com/kubernetes/kompose/pkg/transformer/utils.go:216.8,216.54 1 1
github.com/kubernetes/kompose/pkg/transformer/utils.go:216.54,218.3 1 1
github.com/kubernetes/kompose/pkg/transformer/utils.go:226.30,228.2 1 0
github.com/kubernetes/kompose/pkg/transformer/utils.go:232.40,234.2 1 0
github.com/kubernetes/kompose/pkg/transformer/utils.go:237.35,239.2 1 0
github.com/kubernetes/kompose/pkg/transformer/utils.go:242.61,245.40 2 1
github.com/kubernetes/kompose/pkg/transformer/utils.go:252.2,253.37 2 1
github.com/kubernetes/kompose/pkg/transformer/utils.go:245.40,247.17 2 1
github.com/kubernetes/kompose/pkg/transformer/utils.go:250.3,250.48 1 1
github.com/kubernetes/kompose/pkg/transformer/utils.go:247.17,249.4 1 0
github.com/kubernetes/kompose/pkg/transformer/utils.go:257.73,259.16 2 0
github.com/kubernetes/kompose/pkg/transformer/utils.go:263.2,267.32 3 0
github.com/kubernetes/kompose/pkg/transformer/utils.go:270.2,272.46 2 0
github.com/kubernetes/kompose/pkg/transformer/utils.go:276.2,277.25 2 0
github.com/kubernetes/kompose/pkg/transformer/utils.go:281.2,282.51 2 0
github.com/kubernetes/kompose/pkg/transformer/utils.go:293.2,294.16 2 0
github.com/kubernetes/kompose/pkg/transformer/utils.go:300.2,303.16 3 0
github.com/kubernetes/kompose/pkg/transformer/utils.go:307.2,307.12 1 0
github.com/kubernetes/kompose/pkg/transformer/utils.go:259.16,261.3 1 0
github.com/kubernetes/kompose/pkg/transformer/utils.go:267.32,269.3 1 0
github.com/kubernetes/kompose/pkg/transformer/utils.go:272.46,274.3 1 0
github.com/kubernetes/kompose/pkg/transformer/utils.go:277.25,279.3 1 0
github.com/kubernetes/kompose/pkg/transformer/utils.go:282.51,284.22 2 0
github.com/kubernetes/kompose/pkg/transformer/utils.go:289.3,289.81 1 0
github.com/kubernetes/kompose/pkg/transformer/utils.go:284.22,286.4 1 0
github.com/kubernetes/kompose/pkg/transformer/utils.go:286.9,288.4 1 0
github.com/kubernetes/kompose/pkg/transformer/utils.go:294.16,296.3 1 0
github.com/kubernetes/kompose/pkg/transformer/utils.go:303.16,305.3 1 0
github.com/kubernetes/kompose/pkg/transformer/utils.go:311.79,316.25 2 0
github.com/kubernetes/kompose/pkg/transformer/utils.go:322.2,323.16 2 0
github.com/kubernetes/kompose/pkg/transformer/utils.go:327.2,330.16 3 0
github.com/kubernetes/kompose/pkg/transformer/utils.go:334.2,334.12 1 0
github.com/kubernetes/kompose/pkg/transformer/utils.go:316.25,319.3 2 0
github.com/kubernetes/kompose/pkg/transformer/utils.go:323.16,325.3 1 0
github.com/kubernetes/kompose/pkg/transformer/utils.go:330.16,332.3 1 0
github.com/kubernetes/kompose/pkg/transformer/kubernetes/k8sutils.go:52.41,62.16 5 0
github.com/kubernetes/kompose/pkg/transformer/kubernetes/k8sutils.go:66.2,66.16 1 0
github.com/kubernetes/kompose/pkg/transformer/kubernetes/k8sutils.go:79.2,81.16 3 0
github.com/kubernetes/kompose/pkg/transformer/kubernetes/k8sutils.go:86.2,97.16 3 0
github.com/kubernetes/kompose/pkg/transformer/kubernetes/k8sutils.go:100.2,104.16 4 0
github.com/kubernetes/kompose/pkg/transformer/kubernetes/k8sutils.go:108.2,109.12 2 0
github.com/kubernetes/kompose/pkg/transformer/kubernetes/k8sutils.go:62.16,64.3 1 0
github.com/kubernetes/kompose/pkg/transformer/kubernetes/k8sutils.go:66.16,68.17 2 0
github.com/kubernetes/kompose/pkg/transformer/kubernetes/k8sutils.go:72.3,73.17 2 0
github.com/kubernetes/kompose/pkg/transformer/kubernetes/k8sutils.go:68.17,70.4 1 0
github.com/kubernetes/kompose/pkg/transformer/kubernetes/k8sutils.go:73.17,75.4 1 0
github.com/kubernetes/kompose/pkg/transformer/kubernetes/k8sutils.go:81.16,83.3 1 0
github.com/kubernetes/kompose/pkg/transformer/kubernetes/k8sutils.go:97.16,99.3 1 0
github.com/kubernetes/kompose/pkg/transformer/kubernetes/k8sutils.go:104.16,106.3 1 0
github.com/kubernetes/kompose/pkg/transformer/kubernetes/k8sutils.go:113.39,116.16 2 3
github.com/kubernetes/kompose/pkg/transformer/kubernetes/k8sutils.go:119.2,123.16 3 2
github.com/kubernetes/kompose/pkg/transformer/kubernetes/k8sutils.go:128.2,128.22 1 2
github.com/kubernetes/kompose/pkg/transformer/kubernetes/k8sutils.go:131.2,131.19 1 1
github.com/kubernetes/kompose/pkg/transformer/kubernetes/k8sutils.go:116.16,118.3 1 1
github.com/kubernetes/kompose/pkg/transformer/kubernetes/k8sutils.go:123.16,125.3 1 0
github.com/kubernetes/kompose/pkg/transformer/kubernetes/k8sutils.go:128.22,130.3 1 1
github.com/kubernetes/kompose/pkg/transformer/kubernetes/k8sutils.go:134.52,136.19 2 0
github.com/kubernetes/kompose/pkg/transformer/kubernetes/k8sutils.go:146.2,146.16 1 0
github.com/kubernetes/kompose/pkg/transformer/kubernetes/k8sutils.go:136.19,138.22 1 0
github.com/kubernetes/kompose/pkg/transformer/kubernetes/k8sutils.go:138.22,142.4 3 0
github.com/kubernetes/kompose/pkg/transformer/kubernetes/k8sutils.go:142.9,144.4 1 0
github.com/kubernetes/kompose/pkg/transformer/kubernetes/k8sutils.go:149.62,158.2 4 0
github.com/kubernetes/kompose/pkg/transformer/kubernetes/k8sutils.go:161.76,167.77 4 0
github.com/kubernetes/kompose/pkg/transformer/kubernetes/k8sutils.go:174.2,175.16 2 0
github.com/kubernetes/kompose/pkg/transformer/kubernetes/k8sutils.go:178.2,178.21 1 0
github.com/kubernetes/kompose/pkg/transformer/kubernetes/k8sutils.go:181.2,181.15 1 0
github.com/kubernetes/kompose/pkg/transformer/kubernetes/k8sutils.go:190.2,194.30 2 0
github.com/kubernetes/kompose/pkg/transformer/kubernetes/k8sutils.go:274.2,274.21 1 0
github.com/kubernetes/kompose/pkg/transformer/kubernetes/k8sutils.go:280.2,280.12 1 0
github.com/kubernetes/kompose/pkg/transformer/kubernetes/k8sutils.go:167.77,168.63 1 0
github.com/kubernetes/kompose/pkg/transformer/kubernetes/k8sutils.go:168.63,170.4 1 0
github.com/kubernetes/kompose/pkg/transformer/kubernetes/k8sutils.go:175.16,177.3 1 0
github.com/kubernetes/kompose/pkg/transformer/kubernetes/k8sutils.go:178.21,180.3 1 0
github.com/kubernetes/kompose/pkg/transformer/kubernetes/k8sutils.go:181.15,183.17 2 0
github.com/kubernetes/kompose/pkg/transformer/kubernetes/k8sutils.go:186.3,187.18 2 0
github.com/kubernetes/kompose/pkg/transformer/kubernetes/k8sutils.go:183.17,185.4 1 0
github.com/kubernetes/kompose/pkg/transformer/kubernetes/k8sutils.go:194.30,197.34 2 0
github.com/kubernetes/kompose/pkg/transformer/kubernetes/k8sutils.go:206.3,210.17 5 0
github.com/kubernetes/kompose/pkg/transformer/kubernetes/k8sutils.go:213.3,214.17 2 0
github.com/kubernetes/kompose/pkg/transformer/kubernetes/k8sutils.go:217.3,218.17 2 0
github.com/kubernetes/kompose/pkg/transformer/kubernetes/k8sutils.go:221.3,221.34 1 0
github.com/kubernetes/kompose/pkg/transformer/kubernetes/k8sutils.go:197.34,199.18 2 0
github.com/kubernetes/kompose/pkg/transformer/kubernetes/k8sutils.go:203.4,203.65 1 0
github.com/kubernetes/kompose/pkg/transformer/kubernetes/k8sutils.go:199.18,201.5 1 0
github.com/kubernetes/kompose/pkg/transformer/kubernetes/k8sutils.go:210.17,212.4 1 0
github.com/kubernetes/kompose/pkg/transformer/kubernetes/k8sutils.go:214.17,216.4 1 0
github.com/kubernetes/kompose/pkg/transformer/kubernetes/k8sutils.go:218.17,220.4 1 0
github.com/kubernetes/kompose/pkg/transformer/kubernetes/k8sutils.go:222.8,224.22 2 0
github.com/kubernetes/kompose/pkg/transformer/kubernetes/k8sutils.go:228.3,228.57 1 0
github.com/kubernetes/kompose/pkg/transformer/kubernetes/k8sutils.go:232.3,234.29 2 0
github.com/kubernetes/kompose/pkg/transformer/kubernetes/k8sutils.go:224.22,226.4 1 0
github.com/kubernetes/kompose/pkg/transformer/kubernetes/k8sutils.go:228.57,230.4 1 0
github.com/kubernetes/kompose/pkg/transformer/kubernetes/k8sutils.go:234.29,236.18 2 0
github.com/kubernetes/kompose/pkg/transformer/kubernetes/k8sutils.go:239.4,240.18 2 0
github.com/kubernetes/kompose/pkg/transformer/kubernetes/k8sutils.go:244.4,247.52 3 0
github.com/kubernetes/kompose/pkg/transformer/kubernetes/k8sutils.go:266.4,267.18 2 0
github.com/kubernetes/kompose/pkg/transformer/kubernetes/k8sutils.go:271.4,271.31 1 0
github.com/kubernetes/kompose/pkg/transformer/kubernetes/k8sutils.go:236.18,238.5 1 0
github.com/kubernetes/kompose/pkg/transformer/kubernetes/k8sutils.go:240.18,242.5 1 0
github.com/kubernetes/kompose/pkg/transformer/kubernetes/k8sutils.go:247.52,255.5 2 0
github.com/kubernetes/kompose/pkg/transformer/kubernetes/k8sutils.go:255.10,264.5 3 0
github.com/kubernetes/kompose/pkg/transformer/kubernetes/k8sutils.go:267.18,269.5 1 0
github.com/kubernetes/kompose/pkg/transformer/kubernetes/k8sutils.go:274.21,276.17 2 0
github.com/kubernetes/kompose/pkg/transformer/kubernetes/k8sutils.go:276.17,278.4 1 0
github.com/kubernetes/kompose/pkg/transformer/kubernetes/k8sutils.go:284.88,286.16 1 0
github.com/kubernetes/kompose/pkg/transformer/kubernetes/k8sutils.go:291.2,291.16 1 0
github.com/kubernetes/kompose/pkg/transformer/kubernetes/k8sutils.go:294.2,294.8 1 0
github.com/kubernetes/kompose/pkg/transformer/kubernetes/k8sutils.go:286.16,288.3 1 0
github.com/kubernetes/kompose/pkg/transformer/kubernetes/k8sutils.go:288.8,290.3 1 0
github.com/kubernetes/kompose/pkg/transformer/kubernetes/k8sutils.go:291.16,293.3 1 0
github.com/kubernetes/kompose/pkg/transformer/kubernetes/k8sutils.go:298.55,307.16 3 0
github.com/kubernetes/kompose/pkg/transformer/kubernetes/k8sutils.go:311.2,314.48 4 0
github.com/kubernetes/kompose/pkg/transformer/kubernetes/k8sutils.go:317.2,317.23 1 0
github.com/kubernetes/kompose/pkg/transformer/kubernetes/k8sutils.go:307.16,309.3 1 0
github.com/kubernetes/kompose/pkg/transformer/kubernetes/k8sutils.go:314.48,316.3 1 0
github.com/kubernetes/kompose/pkg/transformer/kubernetes/k8sutils.go:323.67,325.16 2 0
github.com/kubernetes/kompose/pkg/transformer/kubernetes/k8sutils.go:329.2,330.16 2 0
github.com/kubernetes/kompose/pkg/transformer/kubernetes/k8sutils.go:334.2,334.15 1 0
github.com/kubernetes/kompose/pkg/transformer/kubernetes/k8sutils.go:325.16,327.3 1 0
github.com/kubernetes/kompose/pkg/transformer/kubernetes/k8sutils.go:330.16,332.3 1 0
github.com/kubernetes/kompose/pkg/transformer/kubernetes/k8sutils.go:339.101,341.51 1 0
github.com/kubernetes/kompose/pkg/transformer/kubernetes/k8sutils.go:345.2,345.17 1 0
github.com/kubernetes/kompose/pkg/transformer/kubernetes/k8sutils.go:341.51,343.3 1 0
github.com/kubernetes/kompose/pkg/transformer/kubernetes/k8sutils.go:363.69,365.2 1 21
github.com/kubernetes/kompose/pkg/transformer/kubernetes/k8sutils.go:367.123,370.21 3 0
github.com/kubernetes/kompose/pkg/transformer/kubernetes/k8sutils.go:374.2,374.21 1 0
github.com/kubernetes/kompose/pkg/transformer/kubernetes/k8sutils.go:378.2,378.13 1 0
github.com/kubernetes/kompose/pkg/transformer/kubernetes/k8sutils.go:370.21,373.3 2 0
github.com/kubernetes/kompose/pkg/transformer/kubernetes/k8sutils.go:374.21,377.3 2 0
github.com/kubernetes/kompose/pkg/transformer/kubernetes/k8sutils.go:381.118,392.2 6 0
github.com/kubernetes/kompose/pkg/transformer/kubernetes/k8sutils.go:395.119,402.39 4 17
github.com/kubernetes/kompose/pkg/transformer/kubernetes/k8sutils.go:410.2,413.12 3 17
github.com/kubernetes/kompose/pkg/transformer/kubernetes/k8sutils.go:402.39,405.3 2 0
github.com/kubernetes/kompose/pkg/transformer/kubernetes/k8sutils.go:405.8,407.3 1 17
github.com/kubernetes/kompose/pkg/transformer/kubernetes/k8sutils.go:421.127,439.2 8 2
github.com/kubernetes/kompose/pkg/transformer/kubernetes/k8sutils.go:442.151,445.16 2 21
github.com/kubernetes/kompose/pkg/transformer/kubernetes/k8sutils.go:450.2,451.16 2 21
github.com/kubernetes/kompose/pkg/transformer/kubernetes/k8sutils.go:455.2,455.28 1 21
github.com/kubernetes/kompose/pkg/transformer/kubernetes/k8sutils.go:463.2,463.16 1 21
github.com/kubernetes/kompose/pkg/transformer/kubernetes/k8sutils.go:472.2,472.16 1 21
github.com/kubernetes/kompose/pkg/transformer/kubernetes/k8sutils.go:479.2,488.60 4 21
github.com/kubernetes/kompose/pkg/transformer/kubernetes/k8sutils.go:632.2,632.50 1 21
github.com/kubernetes/kompose/pkg/transformer/kubernetes/k8sutils.go:637.2,637.31 1 21
github.com/kubernetes/kompose/pkg/transformer/kubernetes/k8sutils.go:651.2,651.12 1 21
github.com/kubernetes/kompose/pkg/transformer/kubernetes/k8sutils.go:445.16,447.3 1 0
github.com/kubernetes/kompose/pkg/transformer/kubernetes/k8sutils.go:451.16,453.3 1 0
github.com/kubernetes/kompose/pkg/transformer/kubernetes/k8sutils.go:455.28,461.3 3 10
github.com/kubernetes/kompose/pkg/transformer/kubernetes/k8sutils.go:463.16,467.25 1 11
github.com/kubernetes/kompose/pkg/transformer/kubernetes/k8sutils.go:467.25,469.4 1 11
github.com/kubernetes/kompose/pkg/transformer/kubernetes/k8sutils.go:472.16,473.25 1 0
github.com/kubernetes/kompose/pkg/transformer/kubernetes/k8sutils.go:473.25,475.4 1 0
github.com/kubernetes/kompose/pkg/transformer/kubernetes/k8sutils.go:488.60,489.37 1 20
github.com/kubernetes/kompose/pkg/transformer/kubernetes/k8sutils.go:492.3,503.79 10 20
github.com/kubernetes/kompose/pkg/transformer/kubernetes/k8sutils.go:527.3,527.80 1 20
github.com/kubernetes/kompose/pkg/transformer/kubernetes/k8sutils.go:551.3,551.36 1 20
github.com/kubernetes/kompose/pkg/transformer/kubernetes/k8sutils.go:558.3,564.24 3 20
github.com/kubernetes/kompose/pkg/transformer/kubernetes/k8sutils.go:573.3,573.30 1 20
github.com/kubernetes/kompose/pkg/transformer/kubernetes/k8sutils.go:578.3,579.25 2 20
github.com/kubernetes/kompose/pkg/transformer/kubernetes/k8sutils.go:582.3,582.25 1 20
github.com/kubernetes/kompose/pkg/transformer/kubernetes/k8sutils.go:592.3,592.62 1 20
github.com/kubernetes/kompose/pkg/transformer/kubernetes/k8sutils.go:597.3,597.50 1 20
github.com/kubernetes/kompose/pkg/transformer/kubernetes/k8sutils.go:600.3,600.72 1 20
github.com/kubernetes/kompose/pkg/transformer/kubernetes/k8sutils.go:603.3,607.83 3 20
github.com/kubernetes/kompose/pkg/transformer/kubernetes/k8sutils.go:614.3,614.74 1 20
github.com/kubernetes/kompose/pkg/transformer/kubernetes/k8sutils.go:621.3,621.29 1 20
github.com/kubernetes/kompose/pkg/transformer/kubernetes/k8sutils.go:624.3,624.31 1 20
github.com/kubernetes/kompose/pkg/transformer/kubernetes/k8sutils.go:628.3,628.13 1 20
github.com/kubernetes/kompose/pkg/transformer/kubernetes/k8sutils.go:489.37,491.4 1 18
github.com/kubernetes/kompose/pkg/transformer/kubernetes/k8sutils.go:503.79,506.51 2 1
github.com/kubernetes/kompose/pkg/transformer/kubernetes/k8sutils.go:516.4,525.54 5 1
github.com/kubernetes/kompose/pkg/transformer/kubernetes/k8sutils.go:506.51,512.5 1 1
github.com/kubernetes/kompose/pkg/transformer/kubernetes/k8sutils.go:512.10,514.5 1 0
github.com/kubernetes/kompose/pkg/transformer/kubernetes/k8sutils.go:527.80,529.52 2 1
github.com/kubernetes/kompose/pkg/transformer/kubernetes/k8sutils.go:539.4,548.75 5 1
github.com/kubernetes/kompose/pkg/transformer/kubernetes/k8sutils.go:529.52,535.5 1 1
github.com/kubernetes/kompose/pkg/transformer/kubernetes/k8sutils.go:535.10,537.5 1 0
github.com/kubernetes/kompose/pkg/transformer/kubernetes/k8sutils.go:551.36,553.18 2 0
github.com/kubernetes/kompose/pkg/transformer/kubernetes/k8sutils.go:553.18,555.5 1 0
github.com/kubernetes/kompose/pkg/transformer/kubernetes/k8sutils.go:564.24,565.29 1 2
github.com/kubernetes/kompose/pkg/transformer/kubernetes/k8sutils.go:565.30,567.5 0 1
github.com/kubernetes/kompose/pkg/transformer/kubernetes/k8sutils.go:567.10,569.5 1 1
github.com/kubernetes/kompose/pkg/transformer/kubernetes/k8sutils.go:573.30,575.4 1 9
github.com/kubernetes/kompose/pkg/transformer/kubernetes/k8sutils.go:579.25,581.4 1 13
github.com/kubernetes/kompose/pkg/transformer/kubernetes/k8sutils.go:582.25,584.18 2 1
github.com/kubernetes/kompose/pkg/transformer/kubernetes/k8sutils.go:584.18,586.5 1 0
github.com/kubernetes/kompose/pkg/transformer/kubernetes/k8sutils.go:586.10,588.5 1 1
github.com/kubernetes/kompose/pkg/transformer/kubernetes/k8sutils.go:592.62,594.4 1 13
github.com/kubernetes/kompose/pkg/transformer/kubernetes/k8sutils.go:597.50,599.4 1 13
github.com/kubernetes/kompose/pkg/transformer/kubernetes/k8sutils.go:600.72,602.4 1 9
github.com/kubernetes/kompose/pkg/transformer/kubernetes/k8sutils.go:607.83,609.4 1 0
github.com/kubernetes/kompose/pkg/transformer/kubernetes/k8sutils.go:609.9,611.4 1 20
github.com/kubernetes/kompose/pkg/transformer/kubernetes/k8sutils.go:614.74,616.4 1 0
github.com/kubernetes/kompose/pkg/transformer/kubernetes/k8sutils.go:616.9,618.4 1 20
github.com/kubernetes/kompose/pkg/transformer/kubernetes/k8sutils.go:621.29,623.4 1 0
github.com/kubernetes/kompose/pkg/transformer/kubernetes/k8sutils.go:624.31,626.4 1 0
github.com/kubernetes/kompose/pkg/transformer/kubernetes/k8sutils.go:632.50,634.3 1 18
github.com/kubernetes/kompose/pkg/transformer/kubernetes/k8sutils.go:637.31,639.17 2 51
github.com/kubernetes/kompose/pkg/transformer/kubernetes/k8sutils.go:642.3,642.31 1 51
github.com/kubernetes/kompose/pkg/transformer/kubernetes/k8sutils.go:639.17,641.4 1 0
github.com/kubernetes/kompose/pkg/transformer/kubernetes/k8sutils.go:642.31,643.33 1 33
github.com/kubernetes/kompose/pkg/transformer/kubernetes/k8sutils.go:644.28,645.71 1 7
github.com/kubernetes/kompose/pkg/transformer/kubernetes/k8sutils.go:646.37,647.74 1 0
github.com/kubernetes/kompose/pkg/transformer/kubernetes/k8sutils.go:655.90,657.52 1 20
github.com/kubernetes/kompose/pkg/transformer/kubernetes/k8sutils.go:672.2,672.64 1 20
github.com/kubernetes/kompose/pkg/transformer/kubernetes/k8sutils.go:686.2,686.8 1 20
github.com/kubernetes/kompose/pkg/transformer/kubernetes/k8sutils.go:657.52,660.28 2 2
github.com/kubernetes/kompose/pkg/transformer/kubernetes/k8sutils.go:664.3,664.28 1 2
github.com/kubernetes/kompose/pkg/transformer/kubernetes/k8sutils.go:668.3,668.63 1 2
github.com/kubernetes/kompose/pkg/transformer/kubernetes/k8sutils.go:660.28,662.4 1 1
github.com/kubernetes/kompose/pkg/transformer/kubernetes/k8sutils.go:664.28,666.4 1 1
github.com/kubernetes/kompose/pkg/transformer/kubernetes/k8sutils.go:672.64,675.34 2 2
github.com/kubernetes/kompose/pkg/transformer/kubernetes/k8sutils.go:679.3,679.34 1 2
github.com/kubernetes/kompose/pkg/transformer/kubernetes/k8sutils.go:683.3,683.68 1 2
github.com/kubernetes/kompose/pkg/transformer/kubernetes/k8sutils.go:675.34,677.4 1 1
github.com/kubernetes/kompose/pkg/transformer/kubernetes/k8sutils.go:679.34,681.4 1 1
github.com/kubernetes/kompose/pkg/transformer/kubernetes/k8sutils.go:690.70,691.16 1 20
github.com/kubernetes/kompose/pkg/transformer/kubernetes/k8sutils.go:702.2,702.16 1 20
github.com/kubernetes/kompose/pkg/transformer/kubernetes/k8sutils.go:692.10,692.10 0 20
github.com/kubernetes/kompose/pkg/transformer/kubernetes/k8sutils.go:693.16,694.29 1 0
github.com/kubernetes/kompose/pkg/transformer/kubernetes/k8sutils.go:695.15,696.28 1 0
github.com/kubernetes/kompose/pkg/transformer/kubernetes/k8sutils.go:697.22,698.35 1 0
github.com/kubernetes/kompose/pkg/transformer/kubernetes/k8sutils.go:699.10,700.88 1 0
github.com/kubernetes/kompose/pkg/transformer/kubernetes/k8sutils.go:706.72,707.17 1 20
github.com/kubernetes/kompose/pkg/transformer/kubernetes/k8sutils.go:708.27,709.38 1 18
github.com/kubernetes/kompose/pkg/transformer/kubernetes/k8sutils.go:710.20,711.37 1 1
github.com/kubernetes/kompose/pkg/transformer/kubernetes/k8sutils.go:712.20,713.41 1 1
github.com/kubernetes/kompose/pkg/transformer/kubernetes/k8sutils.go:714.10,715.86 1 0
github.com/kubernetes/kompose/pkg/transformer/kubernetes/k8sutils.go:722.64,725.28 2 21
github.com/kubernetes/kompose/pkg/transformer/kubernetes/k8sutils.go:732.2,734.13 3 21
github.com/kubernetes/kompose/pkg/transformer/kubernetes/k8sutils.go:725.28,726.63 1 83
github.com/kubernetes/kompose/pkg/transformer/kubernetes/k8sutils.go:726.63,728.4 1 18
github.com/kubernetes/kompose/pkg/transformer/kubernetes/k8sutils.go:728.9,730.4 1 65
github.com/kubernetes/kompose/pkg/transformer/kubernetes/k8sutils.go:741.63,744.28 3 21
github.com/kubernetes/kompose/pkg/transformer/kubernetes/k8sutils.go:758.2,758.16 1 21
github.com/kubernetes/kompose/pkg/transformer/kubernetes/k8sutils.go:744.28,745.40 1 83
github.com/kubernetes/kompose/pkg/transformer/kubernetes/k8sutils.go:745.40,747.16 2 83
github.com/kubernetes/kompose/pkg/transformer/kubernetes/k8sutils.go:747.16,749.13 2 0
github.com/kubernetes/kompose/pkg/transformer/kubernetes/k8sutils.go:750.10,753.5 2 83
github.com/kubernetes/kompose/pkg/transformer/kubernetes/k8sutils.go:754.9,756.4 1 0
github.com/kubernetes/kompose/pkg/transformer/kubernetes/k8sutils.go:762.63,764.49 2 22
github.com/kubernetes/kompose/pkg/transformer/kubernetes/k8sutils.go:767.2,768.19 2 22
github.com/kubernetes/kompose/pkg/transformer/kubernetes/k8sutils.go:764.49,766.3 1 23
github.com/kubernetes/kompose/pkg/transformer/kubernetes/k8sutils.go:772.56,773.13 1 5
github.com/kubernetes/kompose/pkg/transformer/kubernetes/k8sutils.go:776.2,777.16 2 4
github.com/kubernetes/kompose/pkg/transformer/kubernetes/k8sutils.go:780.2,781.16 2 2
github.com/kubernetes/kompose/pkg/transformer/kubernetes/k8sutils.go:773.13,775.3 1 1
github.com/kubernetes/kompose/pkg/transformer/kubernetes/k8sutils.go:777.16,779.3 1 2
github.com/kubernetes/kompose/pkg/transformer/kubernetes/k8sutils.go:785.90,788.16 2 0
github.com/kubernetes/kompose/pkg/transformer/kubernetes/k8sutils.go:791.2,795.16 3 0
github.com/kubernetes/kompose/pkg/transformer/kubernetes/k8sutils.go:799.2,799.21 1 0
github.com/kubernetes/kompose/pkg/transformer/kubernetes/k8sutils.go:788.16,790.3 1 0
github.com/kubernetes/kompose/pkg/transformer/kubernetes/k8sutils.go:795.16,797.3 1 0
github.com/kubernetes/kompose/pkg/transformer/kubernetes/k8sutils.go:803.54,805.16 2 0
github.com/kubernetes/kompose/pkg/transformer/kubernetes/k8sutils.go:808.2,808.31 1 0
github.com/kubernetes/kompose/pkg/transformer/kubernetes/k8sutils.go:805.16,807.3 1 0
github.com/kubernetes/kompose/pkg/transformer/kubernetes/k8sutils.go:812.40,817.2 4 0
github.com/kubernetes/kompose/pkg/transformer/kubernetes/k8sutils.go:820.41,828.2 2 0
github.com/kubernetes/kompose/pkg/transformer/kubernetes/k8sutils.go:831.46,834.2 2 18
github.com/kubernetes/kompose/pkg/transformer/kubernetes/kubernetes.go:76.121,80.61 2 0
github.com/kubernetes/kompose/pkg/transformer/kubernetes/kubernetes.go:105.2,105.18 1 0
github.com/kubernetes/kompose/pkg/transformer/kubernetes/kubernetes.go:80.61,85.32 3 0
github.com/kubernetes/kompose/pkg/transformer/kubernetes/kubernetes.go:85.32,87.69 1 0
github.com/kubernetes/kompose/pkg/transformer/kubernetes/kubernetes.go:87.69,88.38 1 0
github.com/kubernetes/kompose/pkg/transformer/kubernetes/kubernetes.go:88.38,91.75 1 0
github.com/kubernetes/kompose/pkg/transformer/kubernetes/kubernetes.go:98.6,100.37 3 0
github.com/kubernetes/kompose/pkg/transformer/kubernetes/kubernetes.go:91.75,92.27 1 0
github.com/kubernetes/kompose/pkg/transformer/kubernetes/kubernetes.go:92.27,94.16 1 0
github.com/kubernetes/kompose/pkg/transformer/kubernetes/kubernetes.go:109.92,110.17 1 21
github.com/kubernetes/kompose/pkg/transformer/kubernetes/kubernetes.go:114.2,122.22 2 21
github.com/kubernetes/kompose/pkg/transformer/kubernetes/kubernetes.go:129.2,129.12 1 21
github.com/kubernetes/kompose/pkg/transformer/kubernetes/kubernetes.go:110.17,112.3 1 0
github.com/kubernetes/kompose/pkg/transformer/kubernetes/kubernetes.go:122.22,128.3 1 0
github.com/kubernetes/kompose/pkg/transformer/kubernetes/kubernetes.go:133.117,137.40 3 0
github.com/kubernetes/kompose/pkg/transformer/kubernetes/kubernetes.go:178.2,188.12 2 0
github.com/kubernetes/kompose/pkg/transformer/kubernetes/kubernetes.go:137.40,140.19 3 0
github.com/kubernetes/kompose/pkg/transformer/kubernetes/kubernetes.go:144.3,149.17 5 0
github.com/kubernetes/kompose/pkg/transformer/kubernetes/kubernetes.go:154.3,159.24 2 0
github.com/kubernetes/kompose/pkg/transformer/kubernetes/kubernetes.go:164.3,175.35 3 0
github.com/kubernetes/kompose/pkg/transformer/kubernetes/kubernetes.go:140.19,143.4 1 0
github.com/kubernetes/kompose/pkg/transformer/kubernetes/kubernetes.go:149.17,152.12 2 0
github.com/kubernetes/kompose/pkg/transformer/kubernetes/kubernetes.go:159.24,162.4 2 0
github.com/kubernetes/kompose/pkg/transformer/kubernetes/kubernetes.go:192.87,207.2 2 19
github.com/kubernetes/kompose/pkg/transformer/kubernetes/kubernetes.go:210.145,212.16 2 0
github.com/kubernetes/kompose/pkg/transformer/kubernetes/kubernetes.go:218.2,233.18 3 0
github.com/kubernetes/kompose/pkg/transformer/kubernetes/kubernetes.go:212.16,214.3 1 0
github.com/kubernetes/kompose/pkg/transformer/kubernetes/kubernetes.go:239.135,253.16 4 0
github.com/kubernetes/kompose/pkg/transformer/kubernetes/kubernetes.go:257.2,257.28 1 0
github.com/kubernetes/kompose/pkg/transformer/kubernetes/kubernetes.go:285.2,285.23 1 0
github.com/kubernetes/kompose/pkg/transformer/kubernetes/kubernetes.go:253.16,255.3 1 0
github.com/kubernetes/kompose/pkg/transformer/kubernetes/kubernetes.go:258.20,260.17 2 0
github.com/kubernetes/kompose/pkg/transformer/kubernetes/kubernetes.go:264.3,264.30 1 0
github.com/kubernetes/kompose/pkg/transformer/kubernetes/kubernetes.go:274.3,274.27 1 0
github.com/kubernetes/kompose/pkg/transformer/kubernetes/kubernetes.go:276.24,282.4 3 0
github.com/kubernetes/kompose/pkg/transformer/kubernetes/kubernetes.go:260.17,262.4 1 0
github.com/kubernetes/kompose/pkg/transformer/kubernetes/kubernetes.go:264.30,265.21 1 0
github.com/kubernetes/kompose/pkg/transformer/kubernetes/kubernetes.go:265.21,268.19 3 0
github.com/kubernetes/kompose/pkg/transformer/kubernetes/kubernetes.go:271.5,271.32 1 0
github.com/kubernetes/kompose/pkg/transformer/kubernetes/kubernetes.go:268.19,270.6 1 0
github.com/kubernetes/kompose/pkg/transformer/kubernetes/kubernetes.go:290.46,291.27 1 0
github.com/kubernetes/kompose/pkg/transformer/kubernetes/kubernetes.go:294.2,294.45 1 0
github.com/kubernetes/kompose/pkg/transformer/kubernetes/kubernetes.go:297.2,297.13 1 0
github.com/kubernetes/kompose/pkg/transformer/kubernetes/kubernetes.go:291.27,293.3 1 0
github.com/kubernetes/kompose/pkg/transformer/kubernetes/kubernetes.go:294.45,296.3 1 0
github.com/kubernetes/kompose/pkg/transformer/kubernetes/kubernetes.go:301.120,303.16 2 0
github.com/kubernetes/kompose/pkg/transformer/kubernetes/kubernetes.go:307.2,311.54 4 0
github.com/kubernetes/kompose/pkg/transformer/kubernetes/kubernetes.go:316.2,327.18 2 0
github.com/kubernetes/kompose/pkg/transformer/kubernetes/kubernetes.go:303.16,305.3 1 0
github.com/kubernetes/kompose/pkg/transformer/kubernetes/kubernetes.go:311.54,312.33 1 0
github.com/kubernetes/kompose/pkg/transformer/kubernetes/kubernetes.go:312.33,314.4 1 0
github.com/kubernetes/kompose/pkg/transformer/kubernetes/kubernetes.go:331.105,333.30 2 15
github.com/kubernetes/kompose/pkg/transformer/kubernetes/kubernetes.go:339.2,367.19 5 15
github.com/kubernetes/kompose/pkg/transformer/kubernetes/kubernetes.go:375.2,375.11 1 15
github.com/kubernetes/kompose/pkg/transformer/kubernetes/kubernetes.go:333.30,335.3 1 0
github.com/kubernetes/kompose/pkg/transformer/kubernetes/kubernetes.go:335.8,337.3 1 15
github.com/kubernetes/kompose/pkg/transformer/kubernetes/kubernetes.go:367.19,373.3 2 0
github.com/kubernetes/kompose/pkg/transformer/kubernetes/kubernetes.go:379.91,396.2 2 3
github.com/kubernetes/kompose/pkg/transformer/kubernetes/kubernetes.go:398.117,416.29 4 2
github.com/kubernetes/kompose/pkg/transformer/kubernetes/kubernetes.go:440.2,440.36 1 2
github.com/kubernetes/kompose/pkg/transformer/kubernetes/kubernetes.go:457.2,457.16 1 2
github.com/kubernetes/kompose/pkg/transformer/kubernetes/kubernetes.go:416.29,435.21 3 2
github.com/kubernetes/kompose/pkg/transformer/kubernetes/kubernetes.go:435.21,438.4 2 1
github.com/kubernetes/kompose/pkg/transformer/kubernetes/kubernetes.go:440.36,441.41 1 0
github.com/kubernetes/kompose/pkg/transformer/kubernetes/kubernetes.go:441.41,448.4 1 0
github.com/kubernetes/kompose/pkg/transformer/kubernetes/kubernetes.go:448.9,454.4 1 0
github.com/kubernetes/kompose/pkg/transformer/kubernetes/kubernetes.go:461.96,463.50 2 0
github.com/kubernetes/kompose/pkg/transformer/kubernetes/kubernetes.go:488.2,488.21 1 0
github.com/kubernetes/kompose/pkg/transformer/kubernetes/kubernetes.go:463.50,464.24 1 0
github.com/kubernetes/kompose/pkg/transformer/kubernetes/kubernetes.go:464.24,466.18 2 0
github.com/kubernetes/kompose/pkg/transformer/kubernetes/kubernetes.go:470.4,483.37 3 0
github.com/kubernetes/kompose/pkg/transformer/kubernetes/kubernetes.go:466.18,469.5 2 0
github.com/kubernetes/kompose/pkg/transformer/kubernetes/kubernetes.go:484.9,486.4 1 0
github.com/kubernetes/kompose/pkg/transformer/kubernetes/kubernetes.go:492.129,494.16 2 11
github.com/kubernetes/kompose/pkg/transformer/kubernetes/kubernetes.go:498.2,516.28 2 11
github.com/kubernetes/kompose/pkg/transformer/kubernetes/kubernetes.go:522.2,522.18 1 11
github.com/kubernetes/kompose/pkg/transformer/kubernetes/kubernetes.go:527.2,527.17 1 11
github.com/kubernetes/kompose/pkg/transformer/kubernetes/kubernetes.go:494.16,496.3 1 0
github.com/kubernetes/kompose/pkg/transformer/kubernetes/kubernetes.go:516.28,520.3 1 0
github.com/kubernetes/kompose/pkg/transformer/kubernetes/kubernetes.go:522.18,524.3 1 0
github.com/kubernetes/kompose/pkg/transformer/kubernetes/kubernetes.go:524.8,526.3 1 11
github.com/kubernetes/kompose/pkg/transformer/kubernetes/kubernetes.go:531.98,534.36 3 21
github.com/kubernetes/kompose/pkg/transformer/kubernetes/kubernetes.go:555.2,555.14 1 21
github.com/kubernetes/kompose/pkg/transformer/kubernetes/kubernetes.go:534.36,536.62 1 26
github.com/kubernetes/kompose/pkg/transformer/kubernetes/kubernetes.go:540.3,540.39 1 26
github.com/kubernetes/kompose/pkg/transformer/kubernetes/kubernetes.go:552.3,552.65 1 26
github.com/kubernetes/kompose/pkg/transformer/kubernetes/kubernetes.go:536.62,537.12 1 0
github.com/kubernetes/kompose/pkg/transformer/kubernetes/kubernetes.go:540.39,545.4 1 6
github.com/kubernetes/kompose/pkg/transformer/kubernetes/kubernetes.go:545.9,551.4 1 20
github.com/kubernetes/kompose/pkg/transformer/kubernetes/kubernetes.go:558.126,561.36 3 0
github.com/kubernetes/kompose/pkg/transformer/kubernetes/kubernetes.go:586.2,586.27 1 0
github.com/kubernetes/kompose/pkg/transformer/kubernetes/kubernetes.go:561.36,562.25 1 0
github.com/kubernetes/kompose/pkg/transformer/kubernetes/kubernetes.go:565.3,576.39 5 0
github.com/kubernetes/kompose/pkg/transformer/kubernetes/kubernetes.go:580.3,580.39 1 0
github.com/kubernetes/kompose/pkg/transformer/kubernetes/kubernetes.go:562.25,564.4 1 0
github.com/kubernetes/kompose/pkg/transformer/kubernetes/kubernetes.go:576.39,578.4 1 0
github.com/kubernetes/kompose/pkg/transformer/kubernetes/kubernetes.go:580.39,582.4 1 0
github.com/kubernetes/kompose/pkg/transformer/kubernetes/kubernetes.go:582.9,584.4 1 0
github.com/kubernetes/kompose/pkg/transformer/kubernetes/kubernetes.go:590.103,595.36 4 17
github.com/kubernetes/kompose/pkg/transformer/kubernetes/kubernetes.go:632.2,632.21 1 17
github.com/kubernetes/kompose/pkg/transformer/kubernetes/kubernetes.go:595.36,596.25 1 27
github.com/kubernetes/kompose/pkg/transformer/kubernetes/kubernetes.go:600.3,606.49 5 27
github.com/kubernetes/kompose/pkg/transformer/kubernetes/kubernetes.go:614.3,620.90 2 27
github.com/kubernetes/kompose/pkg/transformer/kubernetes/kubernetes.go:625.3,625.39 1 27
github.com/kubernetes/kompose/pkg/transformer/kubernetes/kubernetes.go:629.3,630.45 2 27
github.com/kubernetes/kompose/pkg/transformer/kubernetes/kubernetes.go:596.25,598.4 1 0
github.com/kubernetes/kompose/pkg/transformer/kubernetes/kubernetes.go:606.49,608.66 1 10
github.com/kubernetes/kompose/pkg/transformer/kubernetes/kubernetes.go:611.4,611.77 1 10
github.com/kubernetes/kompose/pkg/transformer/kubernetes/kubernetes.go:608.66,610.5 1 0
github.com/kubernetes/kompose/pkg/transformer/kubernetes/kubernetes.go:620.90,622.4 1 0
github.com/kubernetes/kompose/pkg/transformer/kubernetes/kubernetes.go:625.39,627.4 1 20
github.com/kubernetes/kompose/pkg/transformer/kubernetes/kubernetes.go:636.90,639.40 3 23
github.com/kubernetes/kompose/pkg/transformer/kubernetes/kubernetes.go:642.2,642.42 1 23
github.com/kubernetes/kompose/pkg/transformer/kubernetes/kubernetes.go:645.2,648.3 1 23
github.com/kubernetes/kompose/pkg/transformer/kubernetes/kubernetes.go:639.40,641.3 1 16
github.com/kubernetes/kompose/pkg/transformer/kubernetes/kubernetes.go:642.42,644.3 1 15
github.com/kubernetes/kompose/pkg/transformer/kubernetes/kubernetes.go:652.112,657.43 3 11
github.com/kubernetes/kompose/pkg/transformer/kubernetes/kubernetes.go:678.2,678.30 1 11
github.com/kubernetes/kompose/pkg/transformer/kubernetes/kubernetes.go:657.43,677.3 7 11
github.com/kubernetes/kompose/pkg/transformer/kubernetes/kubernetes.go:687.120,690.30 3 21
github.com/kubernetes/kompose/pkg/transformer/kubernetes/kubernetes.go:758.2,758.30 1 21
github.com/kubernetes/kompose/pkg/transformer/kubernetes/kubernetes.go:690.30,691.48 1 0
github.com/kubernetes/kompose/pkg/transformer/kubernetes/kubernetes.go:691.48,692.30 1 0
github.com/kubernetes/kompose/pkg/transformer/kubernetes/kubernetes.go:695.4,695.30 1 0
github.com/kubernetes/kompose/pkg/transformer/kubernetes/kubernetes.go:699.4,702.33 3 0
github.com/kubernetes/kompose/pkg/transformer/kubernetes/kubernetes.go:730.4,740.32 2 0
github.com/kubernetes/kompose/pkg/transformer/kubernetes/kubernetes.go:745.4,755.49 4 0
github.com/kubernetes/kompose/pkg/transformer/kubernetes/kubernetes.go:692.30,694.5 1 0
github.com/kubernetes/kompose/pkg/transformer/kubernetes/kubernetes.go:695.30,697.5 1 0
github.com/kubernetes/kompose/pkg/transformer/kubernetes/kubernetes.go:702.33,707.5 2 0
github.com/kubernetes/kompose/pkg/transformer/kubernetes/kubernetes.go:707.10,713.40 3 0
github.com/kubernetes/kompose/pkg/transformer/kubernetes/kubernetes.go:722.5,722.61 1 0
github.com/kubernetes/kompose/pkg/transformer/kubernetes/kubernetes.go:727.5,727.24 1 0
github.com/kubernetes/kompose/pkg/transformer/kubernetes/kubernetes.go:713.40,716.6 1 0
github.com/kubernetes/kompose/pkg/transformer/kubernetes/kubernetes.go:716.11,719.6 1 0
github.com/kubernetes/kompose/pkg/transformer/kubernetes/kubernetes.go:722.61,725.6 1 0
github.com/kubernetes/kompose/pkg/transformer/kubernetes/kubernetes.go:740.32,743.5 2 0
github.com/kubernetes/kompose/pkg/transformer/kubernetes/kubernetes.go:762.169,775.33 9 21
github.com/kubernetes/kompose/pkg/transformer/kubernetes/kubernetes.go:780.2,786.41 5 21
github.com/kubernetes/kompose/pkg/transformer/kubernetes/kubernetes.go:873.2,873.46 1 21
github.com/kubernetes/kompose/pkg/transformer/kubernetes/kubernetes.go:775.33,777.3 1 0
github.com/kubernetes/kompose/pkg/transformer/kubernetes/kubernetes.go:786.41,790.30 2 11
github.com/kubernetes/kompose/pkg/transformer/kubernetes/kubernetes.go:804.3,814.22 3 11
github.com/kubernetes/kompose/pkg/transformer/kubernetes/kubernetes.go:859.3,868.62 4 11
github.com/kubernetes/kompose/pkg/transformer/kubernetes/kubernetes.go:790.30,791.23 1 11
github.com/kubernetes/kompose/pkg/transformer/kubernetes/kubernetes.go:800.4,800.11 1 11
github.com/kubernetes/kompose/pkg/transformer/kubernetes/kubernetes.go:791.23,793.5 1 0
github.com/kubernetes/kompose/pkg/transformer/kubernetes/kubernetes.go:793.10,793.26 1 11
github.com/kubernetes/kompose/pkg/transformer/kubernetes/kubernetes.go:793.26,795.5 1 0
github.com/kubernetes/kompose/pkg/transformer/kubernetes/kubernetes.go:795.10,795.27 1 11
github.com/kubernetes/kompose/pkg/transformer/kubernetes/kubernetes.go:795.27,797.5 1 0
[...]
github.com/kubernetes/kompose/pkg/transformer/kubernetes/kubernetes.go:816.9,816.25 1 11
github.com/kubernetes/kompose/pkg/transformer/kubernetes/kubernetes.go:816.25,818.18 2 0
github.com/kubernetes/kompose/pkg/transformer/kubernetes/kubernetes.go:821.4,821.22 1 0
github.com/kubernetes/kompose/pkg/transformer/kubernetes/kubernetes.go:818.18,820.5 1 0
github.com/kubernetes/kompose/pkg/transformer/kubernetes/kubernetes.go:822.9,822.26 1 11
github.com/kubernetes/kompose/pkg/transformer/kubernetes/kubernetes.go:822.26,825.99 2 0
github.com/kubernetes/kompose/pkg/transformer/kubernetes/kubernetes.go:825.99,827.5 1 0
github.com/kubernetes/kompose/pkg/transformer/kubernetes/kubernetes.go:827.10,831.28 3 0
github.com/kubernetes/kompose/pkg/transformer/kubernetes/kubernetes.go:831.28,833.6 1 0
github.com/kubernetes/kompose/pkg/transformer/kubernetes/kubernetes.go:835.9,837.26 2 11
github.com/kubernetes/kompose/pkg/transformer/kubernetes/kubernetes.go:837.26,840.32 2 11
github.com/kubernetes/kompose/pkg/transformer/kubernetes/kubernetes.go:850.5,852.19 2 11
github.com/kubernetes/kompose/pkg/transformer/kubernetes/kubernetes.go:856.5,856.36 1 11
github.com/kubernetes/kompose/pkg/transformer/kubernetes/kubernetes.go:840.32,842.6 1 0
github.com/kubernetes/kompose/pkg/transformer/kubernetes/kubernetes.go:842.11,843.45 1 11
github.com/kubernetes/kompose/pkg/transformer/kubernetes/kubernetes.go:843.45,844.39 1 0
github.com/kubernetes/kompose/pkg/transformer/kubernetes/kubernetes.go:844.39,846.8 1 0
github.com/kubernetes/kompose/pkg/transformer/kubernetes/kubernetes.go:852.19,854.6 1 0
github.com/kubernetes/kompose/pkg/transformer/kubernetes/kubernetes.go:868.62,870.4 1 0
github.com/kubernetes/kompose/pkg/transformer/kubernetes/kubernetes.go:878.76,880.20 1 11
github.com/kubernetes/kompose/pkg/transformer/kubernetes/kubernetes.go:887.2,889.3 1 0
github.com/kubernetes/kompose/pkg/transformer/kubernetes/kubernetes.go:880.20,884.3 1 11
github.com/kubernetes/kompose/pkg/transformer/kubernetes/kubernetes.go:893.121,896.25 3 0
github.com/kubernetes/kompose/pkg/transformer/kubernetes/kubernetes.go:910.2,912.3 1 0
github.com/kubernetes/kompose/pkg/transformer/kubernetes/kubernetes.go:896.25,898.26 2 0
github.com/kubernetes/kompose/pkg/transformer/kubernetes/kubernetes.go:901.3,908.4 3 0
github.com/kubernetes/kompose/pkg/transformer/kubernetes/kubernetes.go:898.26,900.4 1 0
github.com/kubernetes/kompose/pkg/transformer/kubernetes/kubernetes.go:916.89,918.16 2 0
github.com/kubernetes/kompose/pkg/transformer/kubernetes/kubernetes.go:921.2,922.27 2 0
github.com/kubernetes/kompose/pkg/transformer/kubernetes/kubernetes.go:926.2,928.8 1 0
github.com/kubernetes/kompose/pkg/transformer/kubernetes/kubernetes.go:918.16,920.3 1 0
github.com/kubernetes/kompose/pkg/transformer/kubernetes/kubernetes.go:922.27,924.3 1 0
github.com/kubernetes/kompose/pkg/transformer/kubernetes/kubernetes.go:932.90,939.2 1 11
github.com/kubernetes/kompose/pkg/transformer/kubernetes/kubernetes.go:942.127,950.30 3 21
github.com/kubernetes/kompose/pkg/transformer/kubernetes/kubernetes.go:980.2,980.40 1 21
github.com/kubernetes/kompose/pkg/transformer/kubernetes/kubernetes.go:992.2,993.18 2 21
github.com/kubernetes/kompose/pkg/transformer/kubernetes/kubernetes.go:950.30,953.40 1 0
github.com/kubernetes/kompose/pkg/transformer/kubernetes/kubernetes.go:953.40,958.18 3 0
github.com/kubernetes/kompose/pkg/transformer/kubernetes/kubernetes.go:963.4,963.27 1 0
github.com/kubernetes/kompose/pkg/transformer/kubernetes/kubernetes.go:958.18,960.5 1 0
github.com/kubernetes/kompose/pkg/transformer/kubernetes/kubernetes.go:963.27,975.5 2 0
github.com/kubernetes/kompose/pkg/transformer/kubernetes/kubernetes.go:980.40,981.31 1 16
github.com/kubernetes/kompose/pkg/transformer/kubernetes/kubernetes.go:981.31,986.4 1 16
github.com/kubernetes/kompose/pkg/transformer/kubernetes/kubernetes.go:997.135,1001.51 3 19
github.com/kubernetes/kompose/pkg/transformer/kubernetes/kubernetes.go:1008.2,1008.36 1 19
github.com/kubernetes/kompose/pkg/transformer/kubernetes/kubernetes.go:1019.2,1019.64 1 19
github.com/kubernetes/kompose/pkg/transformer/kubernetes/kubernetes.go:1029.2,1029.30 1 19
github.com/kubernetes/kompose/pkg/transformer/kubernetes/kubernetes.go:1033.2,1033.59 1 19
github.com/kubernetes/kompose/pkg/transformer/kubernetes/kubernetes.go:1037.2,1037.59 1 19
github.com/kubernetes/kompose/pkg/transformer/kubernetes/kubernetes.go:1041.2,1041.30 1 19
github.com/kubernetes/kompose/pkg/transformer/kubernetes/kubernetes.go:1048.2,1048.16 1 19
github.com/kubernetes/kompose/pkg/transformer/kubernetes/kubernetes.go:1001.51,1003.3 1 11
github.com/kubernetes/kompose/pkg/transformer/kubernetes/kubernetes.go:1003.8,1005.3 1 8
github.com/kubernetes/kompose/pkg/transformer/kubernetes/kubernetes.go:1008.36,1010.27 1 0
github.com/kubernetes/kompose/pkg/transformer/kubernetes/kubernetes.go:1010.27,1013.4 2 0
github.com/kubernetes/kompose/pkg/transformer/kubernetes/kubernetes.go:1013.9,1013.43 1 0
github.com/kubernetes/kompose/pkg/transformer/kubernetes/kubernetes.go:1013.43,1015.4 1 0
github.com/kubernetes/kompose/pkg/transformer/kubernetes/kubernetes.go:1019.64,1023.27 4 0
github.com/kubernetes/kompose/pkg/transformer/kubernetes/kubernetes.go:1026.3,1026.23 1 0
github.com/kubernetes/kompose/pkg/transformer/kubernetes/kubernetes.go:1023.27,1025.4 1 0
github.com/kubernetes/kompose/pkg/transformer/kubernetes/kubernetes.go:1029.30,1031.3 1 0
github.com/kubernetes/kompose/pkg/transformer/kubernetes/kubernetes.go:1033.59,1035.3 1 15
github.com/kubernetes/kompose/pkg/transformer/kubernetes/kubernetes.go:1037.59,1039.3 1 3
github.com/kubernetes/kompose/pkg/transformer/kubernetes/kubernetes.go:1041.30,1042.43 1 0
github.com/kubernetes/kompose/pkg/transformer/kubernetes/kubernetes.go:1042.43,1045.4 2 0
github.com/kubernetes/kompose/pkg/transformer/kubernetes/kubernetes.go:1051.170,1052.41 1 0
github.com/kubernetes/kompose/pkg/transformer/kubernetes/kubernetes.go:1062.2,1062.16 1 0
github.com/kubernetes/kompose/pkg/transformer/kubernetes/kubernetes.go:1052.41,1055.41 3 0
github.com/kubernetes/kompose/pkg/transformer/kubernetes/kubernetes.go:1058.3,1060.39 3 0
github.com/kubernetes/kompose/pkg/transformer/kubernetes/kubernetes.go:1055.41,1056.12 1 0
github.com/kubernetes/kompose/pkg/transformer/kubernetes/kubernetes.go:1066.83,1080.2 2 2
github.com/kubernetes/kompose/pkg/transformer/kubernetes/kubernetes.go:1083.112,1109.2 3 32
github.com/kubernetes/kompose/pkg/transformer/kubernetes/kubernetes.go:1113.123,1117.34 2 21
github.com/kubernetes/kompose/pkg/transformer/kubernetes/kubernetes.go:1127.2,1128.34 2 21
github.com/kubernetes/kompose/pkg/transformer/kubernetes/kubernetes.go:1222.2,1226.24 3 21
github.com/kubernetes/kompose/pkg/transformer/kubernetes/kubernetes.go:1117.34,1119.17 2 0
github.com/kubernetes/kompose/pkg/transformer/kubernetes/kubernetes.go:1122.3,1122.32 1 0
github.com/kubernetes/kompose/pkg/transformer/kubernetes/kubernetes.go:1119.17,1121.4 1 0
github.com/kubernetes/kompose/pkg/transformer/kubernetes/kubernetes.go:1122.32,1124.4 1 0
github.com/kubernetes/kompose/pkg/transformer/kubernetes/kubernetes.go:1128.34,1139.75 4 21
github.com/kubernetes/kompose/pkg/transformer/kubernetes/kubernetes.go:1168.3,1168.93 1 21
github.com/kubernetes/kompose/pkg/transformer/kubernetes/kubernetes.go:1176.3,1176.28 1 21
github.com/kubernetes/kompose/pkg/transformer/kubernetes/kubernetes.go:1201.3,1202.17 2 21
github.com/kubernetes/kompose/pkg/transformer/kubernetes/kubernetes.go:1206.3,1206.31 1 21
github.com/kubernetes/kompose/pkg/transformer/kubernetes/kubernetes.go:1218.3,1218.46 1 21
github.com/kubernetes/kompose/pkg/transformer/kubernetes/kubernetes.go:1139.75,1141.27 1 0
github.com/kubernetes/kompose/pkg/transformer/kubernetes/kubernetes.go:1145.4,1145.27 1 0
github.com/kubernetes/kompose/pkg/transformer/kubernetes/kubernetes.go:1149.4,1153.18 3 0
github.com/kubernetes/kompose/pkg/transformer/kubernetes/kubernetes.go:1158.4,1158.21 1 0
github.com/kubernetes/kompose/pkg/transformer/kubernetes/kubernetes.go:1141.27,1143.5 1 0
github.com/kubernetes/kompose/pkg/transformer/kubernetes/kubernetes.go:1145.27,1147.5 1 0
github.com/kubernetes/kompose/pkg/transformer/kubernetes/kubernetes.go:1153.18,1155.5 1 0
github.com/kubernetes/kompose/pkg/transformer/kubernetes/kubernetes.go:1158.21,1161.19 3 0
github.com/kubernetes/kompose/pkg/transformer/kubernetes/kubernetes.go:1161.19,1163.6 1 0
github.com/kubernetes/kompose/pkg/transformer/kubernetes/kubernetes.go:1168.93,1172.4 3 2
github.com/kubernetes/kompose/pkg/transformer/kubernetes/kubernetes.go:1172.9,1174.4 1 19
github.com/kubernetes/kompose/pkg/transformer/kubernetes/kubernetes.go:1176.28,1177.45 1 16
github.com/kubernetes/kompose/pkg/transformer/kubernetes/kubernetes.go:1177.45,1179.30 2 0
github.com/kubernetes/kompose/pkg/transformer/kubernetes/kubernetes.go:1182.5,1182.22 1 0
github.com/kubernetes/kompose/pkg/transformer/kubernetes/kubernetes.go:1179.30,1181.6 1 0
github.com/kubernetes/kompose/pkg/transformer/kubernetes/kubernetes.go:1182.22,1184.6 1 0
github.com/kubernetes/kompose/pkg/transformer/kubernetes/kubernetes.go:1185.10,1188.36 3 16
github.com/kubernetes/kompose/pkg/transformer/kubernetes/kubernetes.go:1188.36,1190.6 1 2
github.com/kubernetes/kompose/pkg/transformer/kubernetes/kubernetes.go:1192.9,1193.41 1 5
github.com/kubernetes/kompose/pkg/transformer/kubernetes/kubernetes.go:1193.41,1196.5 2 2
github.com/kubernetes/kompose/pkg/transformer/kubernetes/kubernetes.go:1196.10,1198.5 1 3
github.com/kubernetes/kompose/pkg/transformer/kubernetes/kubernetes.go:1202.17,1204.4 1 0
github.com/kubernetes/kompose/pkg/transformer/kubernetes/kubernetes.go:1206.31,1207.40 1 16
github.com/kubernetes/kompose/pkg/transformer/kubernetes/kubernetes.go:1207.40,1211.19 3 32
github.com/kubernetes/kompose/pkg/transformer/kubernetes/kubernetes.go:1214.5,1214.34 1 32
github.com/kubernetes/kompose/pkg/transformer/kubernetes/kubernetes.go:1211.19,1213.6 1 0
github.com/kubernetes/kompose/pkg/transformer/kubernetes/kubernetes.go:1230.162,1231.25 1 51
github.com/kubernetes/kompose/pkg/transformer/kubernetes/kubernetes.go:1264.2,1264.12 1 51
github.com/kubernetes/kompose/pkg/transformer/kubernetes/kubernetes.go:1232.26,1234.17 2 15
github.com/kubernetes/kompose/pkg/transformer/kubernetes/kubernetes.go:1237.3,1237.28 1 15
github.com/kubernetes/kompose/pkg/transformer/kubernetes/kubernetes.go:1238.25,1240.17 2 3
github.com/kubernetes/kompose/pkg/transformer/kubernetes/kubernetes.go:1243.3,1243.28 1 3
github.com/kubernetes/kompose/pkg/transformer/kubernetes/kubernetes.go:1244.35,1246.17 2 0
github.com/kubernetes/kompose/pkg/transformer/kubernetes/kubernetes.go:1249.3,1249.28 1 0
github.com/kubernetes/kompose/pkg/transformer/kubernetes/kubernetes.go:1250.16,1256.17 3 2
github.com/kubernetes/kompose/pkg/transformer/kubernetes/kubernetes.go:1259.3,1260.30 2 2
github.com/kubernetes/kompose/pkg/transformer/kubernetes/kubernetes.go:1261.29,1262.28 1 0
github.com/kubernetes/kompose/pkg/transformer/kubernetes/kubernetes.go:1234.17,1236.4 1 0
github.com/kubernetes/kompose/pkg/transformer/kubernetes/kubernetes.go:1240.17,1242.4 1 0
github.com/kubernetes/kompose/pkg/transformer/kubernetes/kubernetes.go:1246.17,1248.4 1 0
github.com/kubernetes/kompose/pkg/transformer/kubernetes/kubernetes.go:1256.17,1258.4 1 0
github.com/kubernetes/kompose/pkg/transformer/openshift/openshift.go:59.131,60.25 1 1
github.com/kubernetes/kompose/pkg/transformer/openshift/openshift.go:66.2,67.28 2 1
github.com/kubernetes/kompose/pkg/transformer/openshift/openshift.go:71.2,73.56 2 1
github.com/kubernetes/kompose/pkg/transformer/openshift/openshift.go:84.2,97.11 2 1
github.com/kubernetes/kompose/pkg/transformer/openshift/openshift.go:60.25,62.3 1 0
github.com/kubernetes/kompose/pkg/transformer/openshift/openshift.go:67.28,69.3 1 0
github.com/kubernetes/kompose/pkg/transformer/openshift/openshift.go:73.56,82.3 1 1
github.com/kubernetes/kompose/pkg/transformer/openshift/openshift.go:100.125,103.51 3 2
github.com/kubernetes/kompose/pkg/transformer/openshift/openshift.go:112.2,113.16 2 2
github.com/kubernetes/kompose/pkg/transformer/openshift/openshift.go:117.2,155.16 2 2
github.com/kubernetes/kompose/pkg/transformer/openshift/openshift.go:103.51,104.26 1 2
github.com/kubernetes/kompose/pkg/transformer/openshift/openshift.go:107.3,107.76 1 2
github.com/kubernetes/kompose/pkg/transformer/openshift/openshift.go:104.26,106.4 1 0
github.com/kubernetes/kompose/pkg/transformer/openshift/openshift.go:113.16,115.3 1 0
github.com/kubernetes/kompose/pkg/transformer/openshift/openshift.go:159.128,166.33 3 3
github.com/kubernetes/kompose/pkg/transformer/openshift/openshift.go:170.2,171.30 2 3
github.com/kubernetes/kompose/pkg/transformer/openshift/openshift.go:177.2,218.19 3 3
github.com/kubernetes/kompose/pkg/transformer/openshift/openshift.go:226.2,226.11 1 3
github.com/kubernetes/kompose/pkg/transformer/openshift/openshift.go:166.33,168.3 1 3
github.com/kubernetes/kompose/pkg/transformer/openshift/openshift.go:171.30,173.3 1 0
github.com/kubernetes/kompose/pkg/transformer/openshift/openshift.go:173.8,175.3 1 3
github.com/kubernetes/kompose/pkg/transformer/openshift/openshift.go:218.19,224.3 2 0
github.com/kubernetes/kompose/pkg/transformer/openshift/openshift.go:229.103,252.37 2 2
github.com/kubernetes/kompose/pkg/transformer/openshift/openshift.go:255.2,255.14 1 2
github.com/kubernetes/kompose/pkg/transformer/openshift/openshift.go:252.37,254.3 1 1
github.com/kubernetes/kompose/pkg/transformer/openshift/openshift.go:260.122,262.36 2 3
github.com/kubernetes/kompose/pkg/transformer/openshift/openshift.go:266.2,272.34 6 3
github.com/kubernetes/kompose/pkg/transformer/openshift/openshift.go:282.2,283.34 2 3
github.com/kubernetes/kompose/pkg/transformer/openshift/openshift.go:423.2,427.24 3 2
github.com/kubernetes/kompose/pkg/transformer/openshift/openshift.go:262.36,264.3 1 0
github.com/kubernetes/kompose/pkg/transformer/openshift/openshift.go:272.34,274.17 2 0
github.com/kubernetes/kompose/pkg/transformer/openshift/openshift.go:277.3,277.32 1 0
github.com/kubernetes/kompose/pkg/transformer/openshift/openshift.go:274.17,276.4 1 0
github.com/kubernetes/kompose/pkg/transformer/openshift/openshift.go:277.32,279.4 1 0
github.com/kubernetes/kompose/pkg/transformer/openshift/openshift.go:283.34,289.52 4 3
github.com/kubernetes/kompose/pkg/transformer/openshift/openshift.go:296.3,296.37 1 3
github.com/kubernetes/kompose/pkg/transformer/openshift/openshift.go:304.3,304.75 1 3
github.com/kubernetes/kompose/pkg/transformer/openshift/openshift.go:330.3,330.65 1 3
github.com/kubernetes/kompose/pkg/transformer/openshift/openshift.go:392.3,392.28 1 2
github.com/kubernetes/kompose/pkg/transformer/openshift/openshift.go:414.3,415.17 2 2
github.com/kubernetes/kompose/pkg/transformer/openshift/openshift.go:419.3,419.46 1 2
github.com/kubernetes/kompose/pkg/transformer/openshift/openshift.go:289.52,291.4 1 3
github.com/kubernetes/kompose/pkg/transformer/openshift/openshift.go:291.9,293.4 1 0
github.com/kubernetes/kompose/pkg/transformer/openshift/openshift.go:296.37,298.4 1 0
github.com/kubernetes/kompose/pkg/transformer/openshift/openshift.go:304.75,306.27 1 0
github.com/kubernetes/kompose/pkg/transformer/openshift/openshift.go:310.4,310.27 1 0
github.com/kubernetes/kompose/pkg/transformer/openshift/openshift.go:315.4,316.18 2 0
github.com/kubernetes/kompose/pkg/transformer/openshift/openshift.go:321.4,321.21 1 0
github.com/kubernetes/kompose/pkg/transformer/openshift/openshift.go:306.27,308.5 1 0
github.com/kubernetes/kompose/pkg/transformer/openshift/openshift.go:310.27,312.5 1 0
github.com/kubernetes/kompose/pkg/transformer/openshift/openshift.go:316.18,318.5 1 0
github.com/kubernetes/kompose/pkg/transformer/openshift/openshift.go:321.21,323.19 2 0
github.com/kubernetes/kompose/pkg/transformer/openshift/openshift.go:323.19,325.6 1 0
github.com/kubernetes/kompose/pkg/transformer/openshift/openshift.go:330.65,332.34 1 1
github.com/kubernetes/kompose/pkg/transformer/openshift/openshift.go:335.4,336.34 2 0
github.com/kubernetes/kompose/pkg/transformer/openshift/openshift.go:332.34,334.5 1 1
github.com/kubernetes/kompose/pkg/transformer/openshift/openshift.go:337.9,340.34 2 2
github.com/kubernetes/kompose/pkg/transformer/openshift/openshift.go:348.4,348.58 1 2
github.com/kubernetes/kompose/pkg/transformer/openshift/openshift.go:340.34,344.5 2 1
github.com/kubernetes/kompose/pkg/transformer/openshift/openshift.go:348.58,351.19 2 0
github.com/kubernetes/kompose/pkg/transformer/openshift/openshift.go:357.5,357.66 1 0
github.com/kubernetes/kompose/pkg/transformer/openshift/openshift.go:362.5,362.26 1 0
github.com/kubernetes/kompose/pkg/transformer/openshift/openshift.go:370.5,370.28 1 0
github.com/kubernetes/kompose/pkg/transformer/openshift/openshift.go:381.5,382.19 2 0
github.com/kubernetes/kompose/pkg/transformer/openshift/openshift.go:385.5,388.77 2 0
github.com/kubernetes/kompose/pkg/transformer/openshift/openshift.go:351.19,353.14 2 0
github.com/kubernetes/kompose/pkg/transformer/openshift/openshift.go:357.66,359.6 1 0
github.com/kubernetes/kompose/pkg/transformer/openshift/openshift.go:362.26,364.20 2 0
github.com/kubernetes/kompose/pkg/transformer/openshift/openshift.go:364.20,366.7 1 0
github.com/kubernetes/kompose/pkg/transformer/openshift/openshift.go:370.28,371.20 1 0
github.com/kubernetes/kompose/pkg/transformer/openshift/openshift.go:374.6,375.20 2 0
github.com/kubernetes/kompose/pkg/transformer/openshift/openshift.go:371.20,373.7 1 0
github.com/kubernetes/kompose/pkg/transformer/openshift/openshift.go:375.20,377.7 1 0
github.com/kubernetes/kompose/pkg/transformer/openshift/openshift.go:382.19,384.6 1 0
github.com/kubernetes/kompose/pkg/transformer/openshift/openshift.go:392.28,393.45 1 0
github.com/kubernetes/kompose/pkg/transformer/openshift/openshift.go:393.45,395.30 2 0
github.com/kubernetes/kompose/pkg/transformer/openshift/openshift.go:398.5,398.22 1 0
github.com/kubernetes/kompose/pkg/transformer/openshift/openshift.go:395.30,397.6 1 0
github.com/kubernetes/kompose/pkg/transformer/openshift/openshift.go:398.22,400.6 1 0
github.com/kubernetes/kompose/pkg/transformer/openshift/openshift.go:401.10,405.36 3 0
github.com/kubernetes/kompose/pkg/transformer/openshift/openshift.go:405.36,407.6 1 0
github.com/kubernetes/kompose/pkg/transformer/openshift/openshift.go:409.9,409.47 1 2
github.com/kubernetes/kompose/pkg/transformer/openshift/openshift.go:409.47,412.4 2 1
github.com/kubernetes/kompose/pkg/transformer/openshift/openshift.go:415.17,417.4 1 0
github.com/kubernetes/kompose/pkg/transformer/openshift/utils.go:10.39,22.17 3 7
github.com/kubernetes/kompose/pkg/transformer/openshift/utils.go:26.2,27.17 2 7
github.com/kubernetes/kompose/pkg/transformer/openshift/utils.go:30.2,30.17 1 5
github.com/kubernetes/kompose/pkg/transformer/openshift/utils.go:22.17,24.3 1 0
github.com/kubernetes/kompose/pkg/transformer/openshift/utils.go:27.17,29.3 1 2
github.com/kubernetes/kompose/pkg/transformer/openshift/utils.go:34.57,38.16 4 6
github.com/kubernetes/kompose/pkg/transformer/openshift/utils.go:42.2,43.24 2 4
github.com/kubernetes/kompose/pkg/transformer/openshift/utils.go:38.16,40.3 1 2
github.com/kubernetes/kompose/pkg/transformer/openshift/utils.go:47.26,50.2 2 0
github.com/kubernetes/kompose/pkg/transformer/openshift/utils.go:53.68,57.16 4 2
github.com/kubernetes/kompose/pkg/transformer/openshift/utils.go:60.2,61.37 2 1
github.com/kubernetes/kompose/pkg/transformer/openshift/utils.go:64.2,64.17 1 1
github.com/kubernetes/kompose/pkg/transformer/openshift/utils.go:57.16,59.3 1 1
github.com/kubernetes/kompose/pkg/transformer/openshift/utils.go:61.37,63.3 1 1
github.com/kubernetes/kompose/pkg/transformer/openshift/utils.go:68.65,72.16 4 2
github.com/kubernetes/kompose/pkg/transformer/openshift/utils.go:75.2,75.50 1 1
github.com/kubernetes/kompose/pkg/transformer/openshift/utils.go:72.16,74.3 1 1
